Using pre-set license
Built from '2021.3/staging' branch; Version is '2021.3.7f1 (24e8595d6d43) revision 2418777'; Using compiler version '192829333'; Build Type 'Release'
OS: 'Windows 10  (10.0.19044) 64bit Professional' Language: 'en' Physical Memory: 16305 MB
BatchMode: 1, IsHumanControllingUs: 0, StartBugReporterOnCrash: 0, Is64bit: 1, IsPro: 1

COMMAND LINE ARGUMENTS:
C:\Program Files\Unity\Hub\Editor\2021.3.7f1\Editor\Unity.exe
-adb2
-batchMode
-noUpm
-name
AssetImportWorker8
-projectPath
C:/Users/james/Desktop/Loz/ReligionThingy/LegendsofZanzarkReligionGame/Legends Of Zanzark Ascension
-logFile
Logs/AssetImportWorker8.log
-srvPort
63094
Successfully changed project path to: C:/Users/james/Desktop/Loz/ReligionThingy/LegendsofZanzarkReligionGame/Legends Of Zanzark Ascension
C:/Users/james/Desktop/Loz/ReligionThingy/LegendsofZanzarkReligionGame/Legends Of Zanzark Ascension
[UnityMemory] Configuration Parameters - Can be set up in boot.config
    "memorysetup-bucket-allocator-granularity=16"
    "memorysetup-bucket-allocator-bucket-count=8"
    "memorysetup-bucket-allocator-block-size=33554432"
    "memorysetup-bucket-allocator-block-count=8"
    "memorysetup-main-allocator-block-size=16777216"
    "memorysetup-thread-allocator-block-size=16777216"
    "memorysetup-gfx-main-allocator-block-size=16777216"
    "memorysetup-gfx-thread-allocator-block-size=16777216"
    "memorysetup-cache-allocator-block-size=4194304"
    "memorysetup-typetree-allocator-block-size=2097152"
    "memorysetup-profiler-bucket-allocator-granularity=16"
    "memorysetup-profiler-bucket-allocator-bucket-count=8"
    "memorysetup-profiler-bucket-allocator-block-size=33554432"
    "memorysetup-profiler-bucket-allocator-block-count=8"
    "memorysetup-profiler-allocator-block-size=16777216"
    "memorysetup-profiler-editor-allocator-block-size=1048576"
    "memorysetup-temp-allocator-size-main=16777216"
    "memorysetup-job-temp-allocator-block-size=2097152"
    "memorysetup-job-temp-allocator-block-size-background=1048576"
    "memorysetup-job-temp-allocator-reduction-small-platforms=262144"
    "memorysetup-temp-allocator-size-background-worker=32768"
    "memorysetup-temp-allocator-size-job-worker=262144"
    "memorysetup-temp-allocator-size-preload-manager=33554432"
    "memorysetup-temp-allocator-size-nav-mesh-worker=65536"
    "memorysetup-temp-allocator-size-audio-worker=65536"
    "memorysetup-temp-allocator-size-cloud-worker=32768"
    "memorysetup-temp-allocator-size-gi-baking-worker=262144"
    "memorysetup-temp-allocator-size-gfx=262144"
Refreshing native plugins compatible for Editor in 166.50 ms, found 3 plugins.
Preloading 0 native plugins for Editor in 0.00 ms.
Initialize engine version: 2021.3.7f1 (24e8595d6d43)
[Subsystems] Discovering subsystems at path C:/Program Files/Unity/Hub/Editor/2021.3.7f1/Editor/Data/Resources/UnitySubsystems
[Subsystems] Discovering subsystems at path C:/Users/james/Desktop/Loz/ReligionThingy/LegendsofZanzarkReligionGame/Legends Of Zanzark Ascension/Assets
GfxDevice: creating device client; threaded=0; jobified=0
Direct3D:
    Version:  Direct3D 11.0 [level 11.1]
    Renderer: NVIDIA GeForce RTX 3060 (ID=0x2504)
    Vendor:   NVIDIA
    VRAM:     12142 MB
    Driver:   31.0.15.1694
Initialize mono
Mono path[0] = 'C:/Program Files/Unity/Hub/Editor/2021.3.7f1/Editor/Data/Managed'
Mono path[1] = 'C:/Program Files/Unity/Hub/Editor/2021.3.7f1/Editor/Data/MonoBleedingEdge/lib/mono/unityjit-win32'
Mono config path = 'C:/Program Files/Unity/Hub/Editor/2021.3.7f1/Editor/Data/MonoBleedingEdge/etc'
Using monoOptions --debugger-agent=transport=dt_socket,embedding=1,server=y,suspend=n,address=127.0.0.1:56152
Begin MonoManager ReloadAssembly
Registering precompiled unity dll's ...
Register platform support module: C:/Program Files/Unity/Hub/Editor/2021.3.7f1/Editor/Data/PlaybackEngines/WindowsStandaloneSupport/UnityEditor.WindowsStandalone.Extensions.dll
Registered in 0.016556 seconds.
Native extension for WindowsStandalone target not found
Refreshing native plugins compatible for Editor in 186.31 ms, found 3 plugins.
Preloading 0 native plugins for Editor in 0.00 ms.
Mono: successfully reloaded assembly
- Completed reload, in  1.315 seconds
Domain Reload Profiling:
	ReloadAssembly (1316ms)
		BeginReloadAssembly (153ms)
			ExecutionOrderSort (0ms)
			DisableScriptedObjects (0ms)
			BackupInstance (0ms)
			ReleaseScriptingObjects (0ms)
			CreateAndSetChildDomain (1ms)
		EndReloadAssembly (925ms)
			LoadAssemblies (147ms)
			RebuildTransferFunctionScriptingTraits (0ms)
			SetupTypeCache (187ms)
			ReleaseScriptCaches (0ms)
			RebuildScriptCaches (56ms)
			SetupLoadedEditorAssemblies (586ms)
				LogAssemblyErrors (0ms)
				InitializePlatformSupportModulesInManaged (16ms)
				SetLoadedEditorAssemblies (0ms)
				RefreshPlugins (187ms)
				BeforeProcessingInitializeOnLoad (3ms)
				ProcessInitializeOnLoadAttributes (288ms)
				ProcessInitializeOnLoadMethodAttributes (93ms)
				AfterProcessingInitializeOnLoad (0ms)
				EditorAssembliesLoaded (0ms)
			ExecutionOrderSort2 (0ms)
			AwakeInstancesAfterBackupRestoration (0ms)
Platform modules already initialized, skipping
Registering precompiled user dll's ...
Registered in 0.018533 seconds.
Begin MonoManager ReloadAssembly
Symbol file LoadedFromMemory doesn't match image C:\Users\james\Desktop\Loz\ReligionThingy\LegendsofZanzarkReligionGame\Legends Of Zanzark Ascension\Library\PackageCache\com.unity.visualscripting@1.7.8\Editor\VisualScripting.Core\Dependencies\YamlDotNet\Unity.VisualScripting.YamlDotNet.dll
Symbol file LoadedFromMemory doesn't match image C:\Users\james\Desktop\Loz\ReligionThingy\LegendsofZanzarkReligionGame\Legends Of Zanzark Ascension\Library\PackageCache\com.unity.visualscripting@1.7.8\Editor\VisualScripting.Core\Dependencies\DotNetZip\Unity.VisualScripting.IonicZip.dll
Native extension for WindowsStandalone target not found
Refreshing native plugins compatible for Editor in 1.05 ms, found 3 plugins.
Preloading 0 native plugins for Editor in 0.00 ms.
System.Exception: Error! Visual Scripting: couldn't find visual scripting package
  at Unity.VisualScripting.PackageVersionUtility.get_version () [0x00043] in C:\Users\james\Desktop\Loz\ReligionThingy\LegendsofZanzarkReligionGame\Legends Of Zanzark Ascension\Library\PackageCache\com.unity.visualscripting@1.7.8\Editor\VisualScripting.Core\Utilities\PackageVersionUtility.cs:31 
  at Unity.VisualScripting.BoltCoreManifest.get_version () [0x00000] in C:\Users\james\Desktop\Loz\ReligionThingy\LegendsofZanzarkReligionGame\Legends Of Zanzark Ascension\Library\PackageCache\com.unity.visualscripting@1.7.8\Editor\VisualScripting.Core\Plugin\BoltCoreManifest.cs:11 
  at Unity.VisualScripting.PluginManifest.get_currentVersion () [0x00000] in C:\Users\james\Desktop\Loz\ReligionThingy\LegendsofZanzarkReligionGame\Legends Of Zanzark Ascension\Library\PackageCache\com.unity.visualscripting@1.7.8\Editor\VisualScripting.Core\Plugins\PluginManifest.cs:33 
  at Unity.VisualScripting.PluginManifest.get_versionMismatch () [0x00000] in C:\Users\james\Desktop\Loz\ReligionThingy\LegendsofZanzarkReligionGame\Legends Of Zanzark Ascension\Library\PackageCache\com.unity.visualscripting@1.7.8\Editor\VisualScripting.Core\Plugins\PluginManifest.cs:48 
  at Unity.VisualScripting.PluginContainer.Initialize () [0x00525] in C:\Users\james\Desktop\Loz\ReligionThingy\LegendsofZanzarkReligionGame\Legends Of Zanzark Ascension\Library\PackageCache\com.unity.visualscripting@1.7.8\Editor\VisualScripting.Core\Plugins\PluginContainer.cs:208 
  at Unity.VisualScripting.PluginContainer.InitializeOnLoad () [0x00009] in C:\Users\james\Desktop\Loz\ReligionThingy\LegendsofZanzarkReligionGame\Legends Of Zanzark Ascension\Library\PackageCache\com.unity.visualscripting@1.7.8\Editor\VisualScripting.Core\Plugins\PluginContainer.cs:32 
  at Unity.VisualScripting.VSUsageUtility.DoInitializeOnLoadCalls () [0x00034] in C:\Users\james\Desktop\Loz\ReligionThingy\LegendsofZanzarkReligionGame\Legends Of Zanzark Ascension\Library\PackageCache\com.unity.visualscripting@1.7.8\Editor\VisualScripting.Core\Utilities\VSUsageUtility.cs:76 
  at Unity.VisualScripting.VSUsageUtility.set_isVisualScriptingUsed (System.Boolean value) [0x0002c] in C:\Users\james\Desktop\Loz\ReligionThingy\LegendsofZanzarkReligionGame\Legends Of Zanzark Ascension\Library\PackageCache\com.unity.visualscripting@1.7.8\Editor\VisualScripting.Core\Utilities\VSUsageUtility.cs:114 
  at Unity.VisualScripting.VSUsageUtility.CheckAndSetIsVisualScriptingUsed () [0x00032] in C:\Users\james\Desktop\Loz\ReligionThingy\LegendsofZanzarkReligionGame\Legends Of Zanzark Ascension\Library\PackageCache\com.unity.visualscripting@1.7.8\Editor\VisualScripting.Core\Utilities\VSUsageUtility.cs:48 
  at Unity.VisualScripting.VSUsageUtility..cctor () [0x00000] in C:\Users\james\Desktop\Loz\ReligionThingy\LegendsofZanzarkReligionGame\Legends Of Zanzark Ascension\Library\PackageCache\com.unity.visualscripting@1.7.8\Editor\VisualScripting.Core\Utilities\VSUsageUtility.cs:22 
UnityEngine.StackTraceUtility:ExtractStackTrace ()
UnityEngine.DebugLogHandler:LogFormat (UnityEngine.LogType,UnityEngine.Object,string,object[])
UnityEngine.Logger:Log (UnityEngine.LogType,object)
UnityEngine.Debug:LogError (object)
UnityEditor.EditorAssemblies:ProcessInitializeOnLoadAttributes (System.Type[])

Mono: successfully reloaded assembly
- Completed reload, in  2.691 seconds
Domain Reload Profiling:
	ReloadAssembly (2693ms)
		BeginReloadAssembly (204ms)
			ExecutionOrderSort (0ms)
			DisableScriptedObjects (12ms)
			BackupInstance (0ms)
			ReleaseScriptingObjects (0ms)
			CreateAndSetChildDomain (29ms)
		EndReloadAssembly (2270ms)
			LoadAssemblies (160ms)
			RebuildTransferFunctionScriptingTraits (0ms)
			SetupTypeCache (535ms)
			ReleaseScriptCaches (1ms)
			RebuildScriptCaches (101ms)
			SetupLoadedEditorAssemblies (1391ms)
				LogAssemblyErrors (0ms)
				InitializePlatformSupportModulesInManaged (27ms)
				SetLoadedEditorAssemblies (1ms)
				RefreshPlugins (1ms)
				BeforeProcessingInitializeOnLoad (208ms)
				ProcessInitializeOnLoadAttributes (1093ms)
				ProcessInitializeOnLoadMethodAttributes (45ms)
				AfterProcessingInitializeOnLoad (15ms)
				EditorAssembliesLoaded (0ms)
			ExecutionOrderSort2 (0ms)
			AwakeInstancesAfterBackupRestoration (10ms)
Platform modules already initialized, skipping
========================================================================
Worker process is ready to serve import requests
Launched and connected shader compiler UnityShaderCompiler.exe after 0.06 seconds
Refreshing native plugins compatible for Editor in 0.90 ms, found 3 plugins.
Preloading 0 native plugins for Editor in 0.00 ms.
Unloading 3576 Unused Serialized files (Serialized files now loaded: 0)
Unloading 31 unused Assets / (83.5 KB). Loaded Objects now: 4054.
Memory consumption went from 141.4 MB to 141.3 MB.
Total: 21.275600 ms (FindLiveObjects: 0.397500 ms CreateObjectMapping: 0.328400 ms MarkObjects: 20.381800 ms  DeleteObjects: 0.166700 ms)

AssetImportParameters requested are different than current active one (requested -> active):
  custom:video-decoder-ogg-theora: a1e56fd34408186e4bbccfd4996cb3dc -> 
  custom:container-muxer-webm: aa71ff27fc2769a1b78a27578f13a17b -> 
  custom:container-demuxer-webm: 4f35f7cbe854078d1ac9338744f61a02 -> 
  custom:video-encoder-webm-vp8: eb34c28f22e8b96e1ab97ce403110664 -> 
  custom:audio-encoder-webm-vorbis: bf7c407c2cedff20999df2af8eb42d56 -> 
  custom:framework-win-MediaFoundation: 216162199b28c13a410421893ffa2e32 -> 
  custom:container-demuxer-ogg: 62fdf1f143b41e24485cea50d1cbac27 -> 
  custom:video-decoder-webm-vp8: 9c59270c3fd7afecdb556c50c9e8de78 -> 
  custom:audio-decoder-ogg-vorbis: bf7c407c2cedff20999df2af8eb42d56 -> 
========================================================================
Received Import Request.
  Time since last request: 219769.284436 seconds.
  path: Assets/Sprites/MapStuff/MapPieces/LightWood/BedThal.png
  artifactKey: Guid(8976b7641a84193478a312877579678e) Importer(815301076,1909f56bfc062723c751e8b465ee728b)
Start importing Assets/Sprites/MapStuff/MapPieces/LightWood/BedThal.png using Guid(8976b7641a84193478a312877579678e) Importer(815301076,1909f56bfc062723c751e8b465ee728b)  -> (artifact id: '383488d0c6d1f2866ce9fcc02ca5a2d5') in 0.330119 seconds 
========================================================================
Received Import Request.
  Time since last request: 494.602698 seconds.
  path: Assets/Sprites/MapStuff/MapPieces/DarkWood/DreadGlade.png
  artifactKey: Guid(7886285b38038aa4ead70638aeceafe2) Importer(815301076,1909f56bfc062723c751e8b465ee728b)
Start importing Assets/Sprites/MapStuff/MapPieces/DarkWood/DreadGlade.png using Guid(7886285b38038aa4ead70638aeceafe2) Importer(815301076,1909f56bfc062723c751e8b465ee728b)  -> (artifact id: '8bc315750ef2c27aeeca7e9d68e66edf') in 0.019602 seconds 
========================================================================
Received Import Request.
  Time since last request: 8.022659 seconds.
  path: Assets/Sprites/MapStuff/MapPieces/DarkWood/DreadGlade.png
  artifactKey: Guid(7886285b38038aa4ead70638aeceafe2) Importer(815301076,1909f56bfc062723c751e8b465ee728b)
Start importing Assets/Sprites/MapStuff/MapPieces/DarkWood/DreadGlade.png using Guid(7886285b38038aa4ead70638aeceafe2) Importer(815301076,1909f56bfc062723c751e8b465ee728b)  -> (artifact id: 'db2e58d58b42d70ee04a735c8a53392a') in 0.028742 seconds 
========================================================================
Received Import Request.
  Time since last request: 274.967432 seconds.
  path: Assets/Sprites/MapStuff/MapPieces/BurntHills/Goblin Pits.png
  artifactKey: Guid(eb0027c3d06ac024b95c6647aab48ade) Importer(815301076,1909f56bfc062723c751e8b465ee728b)
Start importing Assets/Sprites/MapStuff/MapPieces/BurntHills/Goblin Pits.png using Guid(eb0027c3d06ac024b95c6647aab48ade) Importer(815301076,1909f56bfc062723c751e8b465ee728b)  -> (artifact id: '574d00c0b32fe5c354f55f276878d373') in 0.030325 seconds 
========================================================================
Received Import Request.
  Time since last request: 278.191239 seconds.
  path: Assets/Sprites/MapStuff/MapPieces/BurntHills/Black Forges.png
  artifactKey: Guid(9ae78d8490f2c4a459cff0be3b6c663e) Importer(815301076,1909f56bfc062723c751e8b465ee728b)
Start importing Assets/Sprites/MapStuff/MapPieces/BurntHills/Black Forges.png using Guid(9ae78d8490f2c4a459cff0be3b6c663e) Importer(815301076,1909f56bfc062723c751e8b465ee728b)  -> (artifact id: '3f33625ba627b057dafa424b51dd8a4a') in 0.034718 seconds 
========================================================================
Received Import Request.
  Time since last request: 0.000045 seconds.
  path: Assets/Sprites/MapStuff/MapPieces/BurntHills/SeaOfFlames.png
  artifactKey: Guid(fd07b935ab9ff584aaf3687f0aad8d55) Importer(815301076,1909f56bfc062723c751e8b465ee728b)
Start importing Assets/Sprites/MapStuff/MapPieces/BurntHills/SeaOfFlames.png using Guid(fd07b935ab9ff584aaf3687f0aad8d55) Importer(815301076,1909f56bfc062723c751e8b465ee728b)  -> (artifact id: '9869cab7783da4e7e3db3d4a2589c43b') in 0.036168 seconds 
========================================================================
Received Import Request.
  Time since last request: 0.000033 seconds.
  path: Assets/Sprites/MapStuff/MapPieces/BurntHills/Lava Stone Fortress.png
  artifactKey: Guid(3596038be1dd1bf41a982ee0eb07abc8) Importer(815301076,1909f56bfc062723c751e8b465ee728b)
Start importing Assets/Sprites/MapStuff/MapPieces/BurntHills/Lava Stone Fortress.png using Guid(3596038be1dd1bf41a982ee0eb07abc8) Importer(815301076,1909f56bfc062723c751e8b465ee728b)  -> (artifact id: '6c841f9f233c47f7e9bdce4d51b37591') in 0.040304 seconds 
========================================================================
Received Import Request.
  Time since last request: 9.197125 seconds.
  path: Assets/Sprites/MapStuff/MapPieces/BurntHills/Black Forges.png
  artifactKey: Guid(9ae78d8490f2c4a459cff0be3b6c663e) Importer(815301076,1909f56bfc062723c751e8b465ee728b)
Start importing Assets/Sprites/MapStuff/MapPieces/BurntHills/Black Forges.png using Guid(9ae78d8490f2c4a459cff0be3b6c663e) Importer(815301076,1909f56bfc062723c751e8b465ee728b)  -> (artifact id: 'a0e87d8e2bd4d8802ac1c8633eca4436') in 0.032882 seconds 
========================================================================
Received Import Request.
  Time since last request: 0.000045 seconds.
  path: Assets/Sprites/MapStuff/MapPieces/BurntHills/SlaughtersRavine.png
  artifactKey: Guid(44de5a0af7f12e64c89a6e1916c044ae) Importer(815301076,1909f56bfc062723c751e8b465ee728b)
Start importing Assets/Sprites/MapStuff/MapPieces/BurntHills/SlaughtersRavine.png using Guid(44de5a0af7f12e64c89a6e1916c044ae) Importer(815301076,1909f56bfc062723c751e8b465ee728b)  -> (artifact id: 'c8a2190ded5ce138747f4fa6ce993dab') in 0.029384 seconds 
========================================================================
Received Import Request.
  Time since last request: 0.000048 seconds.
  path: Assets/Sprites/MapStuff/MapPieces/BurntHills/Volcanadon.png
  artifactKey: Guid(876fbcb415cfc3c4b9e33309f35b16c7) Importer(815301076,1909f56bfc062723c751e8b465ee728b)
Start importing Assets/Sprites/MapStuff/MapPieces/BurntHills/Volcanadon.png using Guid(876fbcb415cfc3c4b9e33309f35b16c7) Importer(815301076,1909f56bfc062723c751e8b465ee728b)  -> (artifact id: 'c0787f7b43e77aab89c306e568177924') in 0.041062 seconds 
========================================================================
Received Import Request.
  Time since last request: 0.000036 seconds.
  path: Assets/Sprites/MapStuff/MapPieces/BurntHills/Lava Stone Fortress.png
  artifactKey: Guid(3596038be1dd1bf41a982ee0eb07abc8) Importer(815301076,1909f56bfc062723c751e8b465ee728b)
Start importing Assets/Sprites/MapStuff/MapPieces/BurntHills/Lava Stone Fortress.png using Guid(3596038be1dd1bf41a982ee0eb07abc8) Importer(815301076,1909f56bfc062723c751e8b465ee728b)  -> (artifact id: '64682950c0e0fe307e6ffa68e483ae0a') in 0.026932 seconds 
========================================================================
Received Import Request.
  Time since last request: 594.726382 seconds.
  path: Assets/Sprites/MapStuff/MapPieces/SpikedHills/FlatLand.png
  artifactKey: Guid(84bba631fe2441e4e8067dc2a5d1ce6f) Importer(815301076,1909f56bfc062723c751e8b465ee728b)
Start importing Assets/Sprites/MapStuff/MapPieces/SpikedHills/FlatLand.png using Guid(84bba631fe2441e4e8067dc2a5d1ce6f) Importer(815301076,1909f56bfc062723c751e8b465ee728b)  -> (artifact id: 'd549590ace776233bd1f467f8b738678') in 0.042304 seconds 
========================================================================
Received Import Request.
  Time since last request: 0.000039 seconds.
  path: Assets/Sprites/MapStuff/MapPieces/SpikedHills/MagToeVillage.png
  artifactKey: Guid(1caecbf8ed0aacc42b55973825387492) Importer(815301076,1909f56bfc062723c751e8b465ee728b)
Start importing Assets/Sprites/MapStuff/MapPieces/SpikedHills/MagToeVillage.png using Guid(1caecbf8ed0aacc42b55973825387492) Importer(815301076,1909f56bfc062723c751e8b465ee728b)  -> (artifact id: 'ac1874105c1d7a9b1d51b0df678e5094') in 0.023983 seconds 
========================================================================
Received Import Request.
  Time since last request: 149.946917 seconds.
  path: Assets/Sprites/MapStuff/MapPieces/SpikedHills/bigrock.png
  artifactKey: Guid(0abcaad4969cc254a8f7982f225f6265) Importer(815301076,1909f56bfc062723c751e8b465ee728b)
Start importing Assets/Sprites/MapStuff/MapPieces/SpikedHills/bigrock.png using Guid(0abcaad4969cc254a8f7982f225f6265) Importer(815301076,1909f56bfc062723c751e8b465ee728b)  -> (artifact id: 'b5a575103ed6cf44696022e927e006a2') in 0.051012 seconds 
========================================================================
Received Import Request.
  Time since last request: 0.000078 seconds.
  path: Assets/Sprites/MapStuff/MapPieces/SpikedHills/Stalagmightypath.png
  artifactKey: Guid(f0d23d58ee511394cb2d27f6490a4136) Importer(815301076,1909f56bfc062723c751e8b465ee728b)
Start importing Assets/Sprites/MapStuff/MapPieces/SpikedHills/Stalagmightypath.png using Guid(f0d23d58ee511394cb2d27f6490a4136) Importer(815301076,1909f56bfc062723c751e8b465ee728b)  -> (artifact id: '152c99f40dd81a5b6eefce3d8186f2a6') in 0.053147 seconds 
========================================================================
Received Import Request.
  Time since last request: 10.136092 seconds.
  path: Assets/Sprites/MapStuff/MapPieces/SpikedHills/bigrock.png
  artifactKey: Guid(0abcaad4969cc254a8f7982f225f6265) Importer(815301076,1909f56bfc062723c751e8b465ee728b)
Start importing Assets/Sprites/MapStuff/MapPieces/SpikedHills/bigrock.png using Guid(0abcaad4969cc254a8f7982f225f6265) Importer(815301076,1909f56bfc062723c751e8b465ee728b)  -> (artifact id: 'a0b623346bd1dfdb14411da8c7174025') in 0.046122 seconds 
========================================================================
Received Import Request.
  Time since last request: 0.000046 seconds.
  path: Assets/Sprites/MapStuff/MapPieces/SpikedHills/LilRock.png
  artifactKey: Guid(35af16558671f2846b3a5a2564ec98a0) Importer(815301076,1909f56bfc062723c751e8b465ee728b)
Start importing Assets/Sprites/MapStuff/MapPieces/SpikedHills/LilRock.png using Guid(35af16558671f2846b3a5a2564ec98a0) Importer(815301076,1909f56bfc062723c751e8b465ee728b)  -> (artifact id: '1dbe827df09815eb7ca9fe1aa0cea6b6') in 0.048316 seconds 
========================================================================
Received Import Request.
  Time since last request: 0.000060 seconds.
  path: Assets/Sprites/MapStuff/MapPieces/SpikedHills/MagToeVillage.png
  artifactKey: Guid(1caecbf8ed0aacc42b55973825387492) Importer(815301076,1909f56bfc062723c751e8b465ee728b)
Start importing Assets/Sprites/MapStuff/MapPieces/SpikedHills/MagToeVillage.png using Guid(1caecbf8ed0aacc42b55973825387492) Importer(815301076,1909f56bfc062723c751e8b465ee728b)  -> (artifact id: 'fe691295a67e6a8fd4e5cde562f29c87') in 0.055273 seconds 
========================================================================
Received Import Request.
  Time since last request: 0.000039 seconds.
  path: Assets/Sprites/MapStuff/MapPieces/SpikedHills/OgdarsPlace.png
  artifactKey: Guid(dd9b3ee10556d4a4c953ca0573a78676) Importer(815301076,1909f56bfc062723c751e8b465ee728b)
Start importing Assets/Sprites/MapStuff/MapPieces/SpikedHills/OgdarsPlace.png using Guid(dd9b3ee10556d4a4c953ca0573a78676) Importer(815301076,1909f56bfc062723c751e8b465ee728b)  -> (artifact id: '54eebf092db05aef3a82e478ef6adb74') in 0.043147 seconds 
Editor requested this worker to shutdown with reason: Scaling down because of idle timeout
AssetImportWorker is now disconnected from the server
Process exiting
Exiting without the bug reporter. Application will terminate with return code 0