Using pre-set license
Built from '2021.3/staging' branch; Version is '2021.3.7f1 (24e8595d6d43) revision 2418777'; Using compiler version '192829333'; Build Type 'Release'
OS: 'Windows 10  (10.0.19044) 64bit Professional' Language: 'en' Physical Memory: 16305 MB
BatchMode: 1, IsHumanControllingUs: 0, StartBugReporterOnCrash: 0, Is64bit: 1, IsPro: 1

COMMAND LINE ARGUMENTS:
C:\Program Files\Unity\Hub\Editor\2021.3.7f1\Editor\Unity.exe
-adb2
-batchMode
-noUpm
-name
AssetImportWorker6
-projectPath
C:/Users/james/Desktop/Loz/ReligionThingy/LegendsofZanzarkReligionGame/Legends Of Zanzark Ascension
-logFile
Logs/AssetImportWorker6.log
-srvPort
63094
Successfully changed project path to: C:/Users/james/Desktop/Loz/ReligionThingy/LegendsofZanzarkReligionGame/Legends Of Zanzark Ascension
C:/Users/james/Desktop/Loz/ReligionThingy/LegendsofZanzarkReligionGame/Legends Of Zanzark Ascension
[UnityMemory] Configuration Parameters - Can be set up in boot.config
    "memorysetup-bucket-allocator-granularity=16"
    "memorysetup-bucket-allocator-bucket-count=8"
    "memorysetup-bucket-allocator-block-size=33554432"
    "memorysetup-bucket-allocator-block-count=8"
    "memorysetup-main-allocator-block-size=16777216"
    "memorysetup-thread-allocator-block-size=16777216"
    "memorysetup-gfx-main-allocator-block-size=16777216"
    "memorysetup-gfx-thread-allocator-block-size=16777216"
    "memorysetup-cache-allocator-block-size=4194304"
    "memorysetup-typetree-allocator-block-size=2097152"
    "memorysetup-profiler-bucket-allocator-granularity=16"
    "memorysetup-profiler-bucket-allocator-bucket-count=8"
    "memorysetup-profiler-bucket-allocator-block-size=33554432"
    "memorysetup-profiler-bucket-allocator-block-count=8"
    "memorysetup-profiler-allocator-block-size=16777216"
    "memorysetup-profiler-editor-allocator-block-size=1048576"
    "memorysetup-temp-allocator-size-main=16777216"
    "memorysetup-job-temp-allocator-block-size=2097152"
    "memorysetup-job-temp-allocator-block-size-background=1048576"
    "memorysetup-job-temp-allocator-reduction-small-platforms=262144"
    "memorysetup-temp-allocator-size-background-worker=32768"
    "memorysetup-temp-allocator-size-job-worker=262144"
    "memorysetup-temp-allocator-size-preload-manager=33554432"
    "memorysetup-temp-allocator-size-nav-mesh-worker=65536"
    "memorysetup-temp-allocator-size-audio-worker=65536"
    "memorysetup-temp-allocator-size-cloud-worker=32768"
    "memorysetup-temp-allocator-size-gi-baking-worker=262144"
    "memorysetup-temp-allocator-size-gfx=262144"
Refreshing native plugins compatible for Editor in 202.10 ms, found 3 plugins.
Preloading 0 native plugins for Editor in 0.00 ms.
Initialize engine version: 2021.3.7f1 (24e8595d6d43)
[Subsystems] Discovering subsystems at path C:/Program Files/Unity/Hub/Editor/2021.3.7f1/Editor/Data/Resources/UnitySubsystems
[Subsystems] Discovering subsystems at path C:/Users/james/Desktop/Loz/ReligionThingy/LegendsofZanzarkReligionGame/Legends Of Zanzark Ascension/Assets
GfxDevice: creating device client; threaded=0; jobified=0
Direct3D:
    Version:  Direct3D 11.0 [level 11.1]
    Renderer: NVIDIA GeForce RTX 3060 (ID=0x2504)
    Vendor:   NVIDIA
    VRAM:     12142 MB
    Driver:   31.0.15.1694
Initialize mono
Mono path[0] = 'C:/Program Files/Unity/Hub/Editor/2021.3.7f1/Editor/Data/Managed'
Mono path[1] = 'C:/Program Files/Unity/Hub/Editor/2021.3.7f1/Editor/Data/MonoBleedingEdge/lib/mono/unityjit-win32'
Mono config path = 'C:/Program Files/Unity/Hub/Editor/2021.3.7f1/Editor/Data/MonoBleedingEdge/etc'
Using monoOptions --debugger-agent=transport=dt_socket,embedding=1,server=y,suspend=n,address=127.0.0.1:56328
Begin MonoManager ReloadAssembly
Registering precompiled unity dll's ...
Register platform support module: C:/Program Files/Unity/Hub/Editor/2021.3.7f1/Editor/Data/PlaybackEngines/WindowsStandaloneSupport/UnityEditor.WindowsStandalone.Extensions.dll
Registered in 0.017057 seconds.
Native extension for WindowsStandalone target not found
Refreshing native plugins compatible for Editor in 228.57 ms, found 3 plugins.
Preloading 0 native plugins for Editor in 0.00 ms.
Mono: successfully reloaded assembly
- Completed reload, in  1.542 seconds
Domain Reload Profiling:
	ReloadAssembly (1543ms)
		BeginReloadAssembly (183ms)
			ExecutionOrderSort (0ms)
			DisableScriptedObjects (0ms)
			BackupInstance (0ms)
			ReleaseScriptingObjects (0ms)
			CreateAndSetChildDomain (2ms)
		EndReloadAssembly (1096ms)
			LoadAssemblies (176ms)
			RebuildTransferFunctionScriptingTraits (0ms)
			SetupTypeCache (226ms)
			ReleaseScriptCaches (0ms)
			RebuildScriptCaches (89ms)
			SetupLoadedEditorAssemblies (664ms)
				LogAssemblyErrors (0ms)
				InitializePlatformSupportModulesInManaged (20ms)
				SetLoadedEditorAssemblies (0ms)
				RefreshPlugins (229ms)
				BeforeProcessingInitializeOnLoad (3ms)
				ProcessInitializeOnLoadAttributes (320ms)
				ProcessInitializeOnLoadMethodAttributes (91ms)
				AfterProcessingInitializeOnLoad (0ms)
				EditorAssembliesLoaded (0ms)
			ExecutionOrderSort2 (0ms)
			AwakeInstancesAfterBackupRestoration (0ms)
Platform modules already initialized, skipping
Registering precompiled user dll's ...
Registered in 0.015723 seconds.
Begin MonoManager ReloadAssembly
Symbol file LoadedFromMemory doesn't match image C:\Users\james\Desktop\Loz\ReligionThingy\LegendsofZanzarkReligionGame\Legends Of Zanzark Ascension\Library\PackageCache\com.unity.visualscripting@1.7.8\Editor\VisualScripting.Core\Dependencies\YamlDotNet\Unity.VisualScripting.YamlDotNet.dll
Symbol file LoadedFromMemory doesn't match image C:\Users\james\Desktop\Loz\ReligionThingy\LegendsofZanzarkReligionGame\Legends Of Zanzark Ascension\Library\PackageCache\com.unity.visualscripting@1.7.8\Editor\VisualScripting.Core\Dependencies\DotNetZip\Unity.VisualScripting.IonicZip.dll
Native extension for WindowsStandalone target not found
Refreshing native plugins compatible for Editor in 1.07 ms, found 3 plugins.
Preloading 0 native plugins for Editor in 0.00 ms.
System.Exception: Error! Visual Scripting: couldn't find visual scripting package
  at Unity.VisualScripting.PackageVersionUtility.get_version () [0x00043] in C:\Users\james\Desktop\Loz\ReligionThingy\LegendsofZanzarkReligionGame\Legends Of Zanzark Ascension\Library\PackageCache\com.unity.visualscripting@1.7.8\Editor\VisualScripting.Core\Utilities\PackageVersionUtility.cs:31 
  at Unity.VisualScripting.BoltCoreManifest.get_version () [0x00000] in C:\Users\james\Desktop\Loz\ReligionThingy\LegendsofZanzarkReligionGame\Legends Of Zanzark Ascension\Library\PackageCache\com.unity.visualscripting@1.7.8\Editor\VisualScripting.Core\Plugin\BoltCoreManifest.cs:11 
  at Unity.VisualScripting.PluginManifest.get_currentVersion () [0x00000] in C:\Users\james\Desktop\Loz\ReligionThingy\LegendsofZanzarkReligionGame\Legends Of Zanzark Ascension\Library\PackageCache\com.unity.visualscripting@1.7.8\Editor\VisualScripting.Core\Plugins\PluginManifest.cs:33 
  at Unity.VisualScripting.PluginManifest.get_versionMismatch () [0x00000] in C:\Users\james\Desktop\Loz\ReligionThingy\LegendsofZanzarkReligionGame\Legends Of Zanzark Ascension\Library\PackageCache\com.unity.visualscripting@1.7.8\Editor\VisualScripting.Core\Plugins\PluginManifest.cs:48 
  at Unity.VisualScripting.PluginContainer.Initialize () [0x00525] in C:\Users\james\Desktop\Loz\ReligionThingy\LegendsofZanzarkReligionGame\Legends Of Zanzark Ascension\Library\PackageCache\com.unity.visualscripting@1.7.8\Editor\VisualScripting.Core\Plugins\PluginContainer.cs:208 
  at Unity.VisualScripting.PluginContainer.InitializeOnLoad () [0x00009] in C:\Users\james\Desktop\Loz\ReligionThingy\LegendsofZanzarkReligionGame\Legends Of Zanzark Ascension\Library\PackageCache\com.unity.visualscripting@1.7.8\Editor\VisualScripting.Core\Plugins\PluginContainer.cs:32 
  at Unity.VisualScripting.VSUsageUtility.DoInitializeOnLoadCalls () [0x00034] in C:\Users\james\Desktop\Loz\ReligionThingy\LegendsofZanzarkReligionGame\Legends Of Zanzark Ascension\Library\PackageCache\com.unity.visualscripting@1.7.8\Editor\VisualScripting.Core\Utilities\VSUsageUtility.cs:76 
  at Unity.VisualScripting.VSUsageUtility.set_isVisualScriptingUsed (System.Boolean value) [0x0002c] in C:\Users\james\Desktop\Loz\ReligionThingy\LegendsofZanzarkReligionGame\Legends Of Zanzark Ascension\Library\PackageCache\com.unity.visualscripting@1.7.8\Editor\VisualScripting.Core\Utilities\VSUsageUtility.cs:114 
  at Unity.VisualScripting.VSUsageUtility.CheckAndSetIsVisualScriptingUsed () [0x00032] in C:\Users\james\Desktop\Loz\ReligionThingy\LegendsofZanzarkReligionGame\Legends Of Zanzark Ascension\Library\PackageCache\com.unity.visualscripting@1.7.8\Editor\VisualScripting.Core\Utilities\VSUsageUtility.cs:48 
  at Unity.VisualScripting.VSUsageUtility..cctor () [0x00000] in C:\Users\james\Desktop\Loz\ReligionThingy\LegendsofZanzarkReligionGame\Legends Of Zanzark Ascension\Library\PackageCache\com.unity.visualscripting@1.7.8\Editor\VisualScripting.Core\Utilities\VSUsageUtility.cs:22 
UnityEngine.StackTraceUtility:ExtractStackTrace ()
UnityEngine.DebugLogHandler:LogFormat (UnityEngine.LogType,UnityEngine.Object,string,object[])
UnityEngine.Logger:Log (UnityEngine.LogType,object)
UnityEngine.Debug:LogError (object)
UnityEditor.EditorAssemblies:ProcessInitializeOnLoadAttributes (System.Type[])

Mono: successfully reloaded assembly
- Completed reload, in  3.155 seconds
Domain Reload Profiling:
	ReloadAssembly (3157ms)
		BeginReloadAssembly (246ms)
			ExecutionOrderSort (0ms)
			DisableScriptedObjects (14ms)
			BackupInstance (0ms)
			ReleaseScriptingObjects (0ms)
			CreateAndSetChildDomain (31ms)
		EndReloadAssembly (2705ms)
			LoadAssemblies (151ms)
			RebuildTransferFunctionScriptingTraits (0ms)
			SetupTypeCache (576ms)
			ReleaseScriptCaches (1ms)
			RebuildScriptCaches (117ms)
			SetupLoadedEditorAssemblies (1750ms)
				LogAssemblyErrors (0ms)
				InitializePlatformSupportModulesInManaged (27ms)
				SetLoadedEditorAssemblies (1ms)
				RefreshPlugins (1ms)
				BeforeProcessingInitializeOnLoad (202ms)
				ProcessInitializeOnLoadAttributes (1429ms)
				ProcessInitializeOnLoadMethodAttributes (67ms)
				AfterProcessingInitializeOnLoad (22ms)
				EditorAssembliesLoaded (0ms)
			ExecutionOrderSort2 (0ms)
			AwakeInstancesAfterBackupRestoration (15ms)
Platform modules already initialized, skipping
========================================================================
Worker process is ready to serve import requests
Launched and connected shader compiler UnityShaderCompiler.exe after 0.09 seconds
Refreshing native plugins compatible for Editor in 1.15 ms, found 3 plugins.
Preloading 0 native plugins for Editor in 0.00 ms.
Unloading 3576 Unused Serialized files (Serialized files now loaded: 0)
Unloading 31 unused Assets / (83.5 KB). Loaded Objects now: 4054.
Memory consumption went from 141.4 MB to 141.3 MB.
Total: 27.589300 ms (FindLiveObjects: 0.518400 ms CreateObjectMapping: 0.546200 ms MarkObjects: 26.294000 ms  DeleteObjects: 0.228500 ms)

AssetImportParameters requested are different than current active one (requested -> active):
  custom:video-decoder-ogg-theora: a1e56fd34408186e4bbccfd4996cb3dc -> 
  custom:container-muxer-webm: aa71ff27fc2769a1b78a27578f13a17b -> 
  custom:container-demuxer-webm: 4f35f7cbe854078d1ac9338744f61a02 -> 
  custom:video-encoder-webm-vp8: eb34c28f22e8b96e1ab97ce403110664 -> 
  custom:audio-encoder-webm-vorbis: bf7c407c2cedff20999df2af8eb42d56 -> 
  custom:framework-win-MediaFoundation: 216162199b28c13a410421893ffa2e32 -> 
  custom:container-demuxer-ogg: 62fdf1f143b41e24485cea50d1cbac27 -> 
  custom:video-decoder-webm-vp8: 9c59270c3fd7afecdb556c50c9e8de78 -> 
  custom:audio-decoder-ogg-vorbis: bf7c407c2cedff20999df2af8eb42d56 -> 
========================================================================
Received Import Request.
  Time since last request: 217590.046309 seconds.
  path: Assets/Sprites/MapStuff/MapPieces/FirePaw Front.png
  artifactKey: Guid(d9444be52b9955d4983de970a8126556) Importer(815301076,1909f56bfc062723c751e8b465ee728b)
Start importing Assets/Sprites/MapStuff/MapPieces/FirePaw Front.png using Guid(d9444be52b9955d4983de970a8126556) Importer(815301076,1909f56bfc062723c751e8b465ee728b)  -> (artifact id: '7832729b0489ee933f2e9dffec9725f3') in 0.206906 seconds 
========================================================================
Received Import Request.
  Time since last request: 20.752509 seconds.
  path: Assets/Sprites/MapStuff/MapPieces/FirePaw Front.png
  artifactKey: Guid(d9444be52b9955d4983de970a8126556) Importer(815301076,1909f56bfc062723c751e8b465ee728b)
Start importing Assets/Sprites/MapStuff/MapPieces/FirePaw Front.png using Guid(d9444be52b9955d4983de970a8126556) Importer(815301076,1909f56bfc062723c751e8b465ee728b)  -> (artifact id: 'c3b609551ec841ed388870bd280f6ea8') in 0.122882 seconds 
========================================================================
Received Import Request.
  Time since last request: 173.807777 seconds.
  path: Assets/Sprites/MapStuff/MapPieces/Eldritch
  artifactKey: Guid(04f80fde9c4188446a10fe70074015d1) Importer(815301076,1909f56bfc062723c751e8b465ee728b)
Start importing Assets/Sprites/MapStuff/MapPieces/Eldritch using Guid(04f80fde9c4188446a10fe70074015d1) Importer(815301076,1909f56bfc062723c751e8b465ee728b)  -> (artifact id: '53fae7a3ca5ba09e1cd61795eb70fcdd') in 0.009832 seconds 
========================================================================
Received Import Request.
  Time since last request: 25.363799 seconds.
  path: Assets/Sprites/MapStuff/MapPieces/White Hills
  artifactKey: Guid(1bc67aaf164a1f84dbff1de72c7ca8c1) Importer(815301076,1909f56bfc062723c751e8b465ee728b)
Start importing Assets/Sprites/MapStuff/MapPieces/White Hills using Guid(1bc67aaf164a1f84dbff1de72c7ca8c1) Importer(815301076,1909f56bfc062723c751e8b465ee728b)  -> (artifact id: 'b39312e57d23d94d89b5118390a0d6a5') in 0.010998 seconds 
========================================================================
Received Import Request.
  Time since last request: 14.287544 seconds.
  path: Assets/Sprites/MapStuff/MapPieces/Ledian Cost
  artifactKey: Guid(7ee8170aced0bee45aeb58c20ecea8fc) Importer(815301076,1909f56bfc062723c751e8b465ee728b)
Start importing Assets/Sprites/MapStuff/MapPieces/Ledian Cost using Guid(7ee8170aced0bee45aeb58c20ecea8fc) Importer(815301076,1909f56bfc062723c751e8b465ee728b)  -> (artifact id: '17186fb7c366d671a8256beec320356e') in 0.010585 seconds 
========================================================================
Received Import Request.
  Time since last request: 5.302097 seconds.
  path: Assets/Sprites/MapStuff/MapPieces/Ledian
  artifactKey: Guid(7ee8170aced0bee45aeb58c20ecea8fc) Importer(815301076,1909f56bfc062723c751e8b465ee728b)
Start importing Assets/Sprites/MapStuff/MapPieces/Ledian using Guid(7ee8170aced0bee45aeb58c20ecea8fc) Importer(815301076,1909f56bfc062723c751e8b465ee728b)  -> (artifact id: 'c2472a023228fba598627b2012bfd29e') in 0.010463 seconds 
========================================================================
Received Import Request.
  Time since last request: 13.303603 seconds.
  path: Assets/Sprites/MapStuff/MapPieces/DarkLands
  artifactKey: Guid(47226b840493032419d3e94469f3638f) Importer(815301076,1909f56bfc062723c751e8b465ee728b)
Start importing Assets/Sprites/MapStuff/MapPieces/DarkLands using Guid(47226b840493032419d3e94469f3638f) Importer(815301076,1909f56bfc062723c751e8b465ee728b)  -> (artifact id: '8898bc9cb84490772c1222079e6c3769') in 0.010123 seconds 
========================================================================
Received Import Request.
  Time since last request: 58.648452 seconds.
  path: Assets/Sprites/MapStuff/MapPieces/DarkLands/LicheBorneWastes.png
  artifactKey: Guid(c0556b3563015624f85a6fa369e466c1) Importer(815301076,1909f56bfc062723c751e8b465ee728b)
Start importing Assets/Sprites/MapStuff/MapPieces/DarkLands/LicheBorneWastes.png using Guid(c0556b3563015624f85a6fa369e466c1) Importer(815301076,1909f56bfc062723c751e8b465ee728b)  -> (artifact id: 'f8c64286e2cfd7a1b87110be76de62fe') in 0.019758 seconds 
========================================================================
Received Import Request.
  Time since last request: 85.500729 seconds.
  path: Assets/Sprites/MapStuff/MapPieces/DarkLands/RavarGethGorge.png
  artifactKey: Guid(c882ad567f20ab34abe6111868fa5d4c) Importer(815301076,1909f56bfc062723c751e8b465ee728b)
Start importing Assets/Sprites/MapStuff/MapPieces/DarkLands/RavarGethGorge.png using Guid(c882ad567f20ab34abe6111868fa5d4c) Importer(815301076,1909f56bfc062723c751e8b465ee728b)  -> (artifact id: '8a9151a8458da897310d8347b143ec1e') in 0.034524 seconds 
========================================================================
Received Import Request.
  Time since last request: 215.095026 seconds.
  path: Assets/Sprites/MapStuff/MapPieces/DarkLands/Aboracroms Citidel.png
  artifactKey: Guid(5d2847a9b15c02546812f7ec62fe56c1) Importer(815301076,1909f56bfc062723c751e8b465ee728b)
Start importing Assets/Sprites/MapStuff/MapPieces/DarkLands/Aboracroms Citidel.png using Guid(5d2847a9b15c02546812f7ec62fe56c1) Importer(815301076,1909f56bfc062723c751e8b465ee728b)  -> (artifact id: '0f9d4ddd947a3488fd5418623b268710') in 0.037409 seconds 
========================================================================
Received Import Request.
  Time since last request: 0.000054 seconds.
  path: Assets/Sprites/MapStuff/MapPieces/DarkLands/HonoursEnd.png
  artifactKey: Guid(cb13f774978417e478bda30655391200) Importer(815301076,1909f56bfc062723c751e8b465ee728b)
Start importing Assets/Sprites/MapStuff/MapPieces/DarkLands/HonoursEnd.png using Guid(cb13f774978417e478bda30655391200) Importer(815301076,1909f56bfc062723c751e8b465ee728b)  -> (artifact id: 'bc44e91cf5d7e336ed1f2e4fe269694d') in 0.040237 seconds 
========================================================================
Received Import Request.
  Time since last request: 0.000054 seconds.
  path: Assets/Sprites/MapStuff/MapPieces/DarkLands/DurzumsFall.png
  artifactKey: Guid(c0ebf2e02c59f4045b421117ad68f612) Importer(815301076,1909f56bfc062723c751e8b465ee728b)
Start importing Assets/Sprites/MapStuff/MapPieces/DarkLands/DurzumsFall.png using Guid(c0ebf2e02c59f4045b421117ad68f612) Importer(815301076,1909f56bfc062723c751e8b465ee728b)  -> (artifact id: 'e1c67ad895f5a66eced0b9bf3d5906d9') in 0.030810 seconds 
========================================================================
Received Import Request.
  Time since last request: 10.431251 seconds.
  path: Assets/Sprites/MapStuff/MapPieces/DarkLands/Aboracroms Citidel.png
  artifactKey: Guid(5d2847a9b15c02546812f7ec62fe56c1) Importer(815301076,1909f56bfc062723c751e8b465ee728b)
Start importing Assets/Sprites/MapStuff/MapPieces/DarkLands/Aboracroms Citidel.png using Guid(5d2847a9b15c02546812f7ec62fe56c1) Importer(815301076,1909f56bfc062723c751e8b465ee728b)  -> (artifact id: 'd6db692763230be2db3ae36dd7af4c20') in 0.047064 seconds 
========================================================================
Received Import Request.
  Time since last request: 0.000058 seconds.
  path: Assets/Sprites/MapStuff/MapPieces/DarkLands/HonoursEnd.png
  artifactKey: Guid(cb13f774978417e478bda30655391200) Importer(815301076,1909f56bfc062723c751e8b465ee728b)
Start importing Assets/Sprites/MapStuff/MapPieces/DarkLands/HonoursEnd.png using Guid(cb13f774978417e478bda30655391200) Importer(815301076,1909f56bfc062723c751e8b465ee728b)  -> (artifact id: '5da2c4549e6bc8683616309541ae9de7') in 0.037487 seconds 
========================================================================
Received Import Request.
  Time since last request: 0.000088 seconds.
  path: Assets/Sprites/MapStuff/MapPieces/DarkLands/RavarGethGorge.png
  artifactKey: Guid(c882ad567f20ab34abe6111868fa5d4c) Importer(815301076,1909f56bfc062723c751e8b465ee728b)
Start importing Assets/Sprites/MapStuff/MapPieces/DarkLands/RavarGethGorge.png using Guid(c882ad567f20ab34abe6111868fa5d4c) Importer(815301076,1909f56bfc062723c751e8b465ee728b)  -> (artifact id: 'ded29831ae34787c206b340a1ff31b3c') in 0.043143 seconds 
========================================================================
Received Import Request.
  Time since last request: 0.000063 seconds.
  path: Assets/Sprites/MapStuff/MapPieces/DarkLands/LicheBorneWastes.png
  artifactKey: Guid(c0556b3563015624f85a6fa369e466c1) Importer(815301076,1909f56bfc062723c751e8b465ee728b)
Start importing Assets/Sprites/MapStuff/MapPieces/DarkLands/LicheBorneWastes.png using Guid(c0556b3563015624f85a6fa369e466c1) Importer(815301076,1909f56bfc062723c751e8b465ee728b)  -> (artifact id: '6f4ebbe5b06ad1a06fbcf8284e4a90e9') in 0.043519 seconds 
========================================================================
Received Import Request.
  Time since last request: 34.436489 seconds.
  path: Assets/Sprites/MapStuff/MapPieces/DarkLands/RavarGethGorge.png
  artifactKey: Guid(c882ad567f20ab34abe6111868fa5d4c) Importer(815301076,1909f56bfc062723c751e8b465ee728b)
Start importing Assets/Sprites/MapStuff/MapPieces/DarkLands/RavarGethGorge.png using Guid(c882ad567f20ab34abe6111868fa5d4c) Importer(815301076,1909f56bfc062723c751e8b465ee728b)  -> (artifact id: 'aadfe8a59c4954f624b600b574a9890b') in 0.034375 seconds 
========================================================================
Received Import Request.
  Time since last request: 231.090797 seconds.
  path: Assets/Sprites/MapStuff/MapPieces/DarkLands/IronHeartIncursion.png
  artifactKey: Guid(309bd57d796d7ec48bc531b4abb110d8) Importer(815301076,1909f56bfc062723c751e8b465ee728b)
Start importing Assets/Sprites/MapStuff/MapPieces/DarkLands/IronHeartIncursion.png using Guid(309bd57d796d7ec48bc531b4abb110d8) Importer(815301076,1909f56bfc062723c751e8b465ee728b)  -> (artifact id: '84d575d24b37b017e78790e0b519d300') in 0.022759 seconds 
========================================================================
Received Import Request.
  Time since last request: 6.421325 seconds.
  path: Assets/Sprites/MapStuff/MapPieces/DarkLands/IronHeartIncursion.png
  artifactKey: Guid(309bd57d796d7ec48bc531b4abb110d8) Importer(815301076,1909f56bfc062723c751e8b465ee728b)
Start importing Assets/Sprites/MapStuff/MapPieces/DarkLands/IronHeartIncursion.png using Guid(309bd57d796d7ec48bc531b4abb110d8) Importer(815301076,1909f56bfc062723c751e8b465ee728b)  -> (artifact id: '1aa312cafcf6d894133888a8b6e9929d') in 0.024574 seconds 
========================================================================
Received Import Request.
  Time since last request: 883.292010 seconds.
  path: Assets/Sprites/MapStuff/MapPieces/LightWood
  artifactKey: Guid(c855539e969a4a741b39af2596a6d9a9) Importer(815301076,1909f56bfc062723c751e8b465ee728b)
Start importing Assets/Sprites/MapStuff/MapPieces/LightWood using Guid(c855539e969a4a741b39af2596a6d9a9) Importer(815301076,1909f56bfc062723c751e8b465ee728b)  -> (artifact id: '2f26db0c5fc7d0cda532a643f702a039') in 0.009047 seconds 
========================================================================
Received Import Request.
  Time since last request: 0.046693 seconds.
  path: Assets/Sprites/MapStuff/MapPieces/LightWood/CastellaHieram.png
  artifactKey: Guid(ab56a66890c23c846a5baf1a6342bd4d) Importer(815301076,1909f56bfc062723c751e8b465ee728b)
Start importing Assets/Sprites/MapStuff/MapPieces/LightWood/CastellaHieram.png using Guid(ab56a66890c23c846a5baf1a6342bd4d) Importer(815301076,1909f56bfc062723c751e8b465ee728b)  -> (artifact id: 'd137c82116b0e52263915a2b262032e8') in 0.023434 seconds 
========================================================================
Received Import Request.
  Time since last request: 384.999827 seconds.
  path: Assets/Sprites/MapStuff/MapPieces/LightWood/BedThal.png
  artifactKey: Guid(8976b7641a84193478a312877579678e) Importer(815301076,1909f56bfc062723c751e8b465ee728b)
Start importing Assets/Sprites/MapStuff/MapPieces/LightWood/BedThal.png using Guid(8976b7641a84193478a312877579678e) Importer(815301076,1909f56bfc062723c751e8b465ee728b)  -> (artifact id: '3f1bf99085816f3b11223fb11ad898bb') in 0.032700 seconds 
========================================================================
Received Import Request.
  Time since last request: 0.000048 seconds.
  path: Assets/Sprites/MapStuff/MapPieces/LightWood/TelMatharin.png
  artifactKey: Guid(d892925fc7a22cb4b82668eb3538af4b) Importer(815301076,1909f56bfc062723c751e8b465ee728b)
Start importing Assets/Sprites/MapStuff/MapPieces/LightWood/TelMatharin.png using Guid(d892925fc7a22cb4b82668eb3538af4b) Importer(815301076,1909f56bfc062723c751e8b465ee728b)  -> (artifact id: '1b279f4a1902e299d3d1cc38504fca11') in 0.026378 seconds 
========================================================================
Received Import Request.
  Time since last request: 0.000036 seconds.
  path: Assets/Sprites/MapStuff/MapPieces/LightWood/Olyhathas.png
  artifactKey: Guid(3697d46d6114c4d4b869ec3248e492c9) Importer(815301076,1909f56bfc062723c751e8b465ee728b)
Start importing Assets/Sprites/MapStuff/MapPieces/LightWood/Olyhathas.png using Guid(3697d46d6114c4d4b869ec3248e492c9) Importer(815301076,1909f56bfc062723c751e8b465ee728b)  -> (artifact id: '4023e93f44794a58360fefecdb7373b0') in 0.025054 seconds 
========================================================================
Received Import Request.
  Time since last request: 15.248669 seconds.
  path: Assets/Sprites/MapStuff/MapPieces/LightWood/CastellaHieram.png
  artifactKey: Guid(ab56a66890c23c846a5baf1a6342bd4d) Importer(815301076,1909f56bfc062723c751e8b465ee728b)
Start importing Assets/Sprites/MapStuff/MapPieces/LightWood/CastellaHieram.png using Guid(ab56a66890c23c846a5baf1a6342bd4d) Importer(815301076,1909f56bfc062723c751e8b465ee728b)  -> (artifact id: 'fecc469b12e6e3c4e6905235718d1d7e') in 0.030582 seconds 
========================================================================
Received Import Request.
  Time since last request: 0.000035 seconds.
  path: Assets/Sprites/MapStuff/MapPieces/LightWood/FortressShandris.png
  artifactKey: Guid(d2b55329ca704614594ba1ed8f0611c3) Importer(815301076,1909f56bfc062723c751e8b465ee728b)
Start importing Assets/Sprites/MapStuff/MapPieces/LightWood/FortressShandris.png using Guid(d2b55329ca704614594ba1ed8f0611c3) Importer(815301076,1909f56bfc062723c751e8b465ee728b)  -> (artifact id: 'f8574b9c172b35859a680d77b8dc4145') in 0.031683 seconds 
========================================================================
Received Import Request.
  Time since last request: 0.000051 seconds.
  path: Assets/Sprites/MapStuff/MapPieces/LightWood/Faltarrim.png
  artifactKey: Guid(2c8459e7deb1f4b409f38e5f6356125a) Importer(815301076,1909f56bfc062723c751e8b465ee728b)
Start importing Assets/Sprites/MapStuff/MapPieces/LightWood/Faltarrim.png using Guid(2c8459e7deb1f4b409f38e5f6356125a) Importer(815301076,1909f56bfc062723c751e8b465ee728b)  -> (artifact id: 'fef67761e98bdf34773a203fd05131f4') in 0.040654 seconds 
========================================================================
Received Import Request.
  Time since last request: 0.000056 seconds.
  path: Assets/Sprites/MapStuff/MapPieces/LightWood/Olyhathas.png
  artifactKey: Guid(3697d46d6114c4d4b869ec3248e492c9) Importer(815301076,1909f56bfc062723c751e8b465ee728b)
Start importing Assets/Sprites/MapStuff/MapPieces/LightWood/Olyhathas.png using Guid(3697d46d6114c4d4b869ec3248e492c9) Importer(815301076,1909f56bfc062723c751e8b465ee728b)  -> (artifact id: 'f5d306a7daca32ee6d7cec6c31956642') in 0.037118 seconds 
Editor requested this worker to shutdown with reason: Scaling down because of idle timeout
AssetImportWorker is now disconnected from the server
Process exiting
Exiting without the bug reporter. Application will terminate with return code 0