Using pre-set license
Built from '2021.3/staging' branch; Version is '2021.3.7f1 (24e8595d6d43) revision 2418777'; Using compiler version '192829333'; Build Type 'Release'
OS: 'Windows 10  (10.0.19044) 64bit Professional' Language: 'en' Physical Memory: 16305 MB
BatchMode: 1, IsHumanControllingUs: 0, StartBugReporterOnCrash: 0, Is64bit: 1, IsPro: 1

COMMAND LINE ARGUMENTS:
C:\Program Files\Unity\Hub\Editor\2021.3.7f1\Editor\Unity.exe
-adb2
-batchMode
-noUpm
-name
AssetImportWorker7
-projectPath
C:/Users/james/Desktop/Loz/ReligionThingy/LegendsofZanzarkReligionGame/Legends Of Zanzark Ascension
-logFile
Logs/AssetImportWorker7.log
-srvPort
63094
Successfully changed project path to: C:/Users/james/Desktop/Loz/ReligionThingy/LegendsofZanzarkReligionGame/Legends Of Zanzark Ascension
C:/Users/james/Desktop/Loz/ReligionThingy/LegendsofZanzarkReligionGame/Legends Of Zanzark Ascension
[UnityMemory] Configuration Parameters - Can be set up in boot.config
    "memorysetup-bucket-allocator-granularity=16"
    "memorysetup-bucket-allocator-bucket-count=8"
    "memorysetup-bucket-allocator-block-size=33554432"
    "memorysetup-bucket-allocator-block-count=8"
    "memorysetup-main-allocator-block-size=16777216"
    "memorysetup-thread-allocator-block-size=16777216"
    "memorysetup-gfx-main-allocator-block-size=16777216"
    "memorysetup-gfx-thread-allocator-block-size=16777216"
    "memorysetup-cache-allocator-block-size=4194304"
    "memorysetup-typetree-allocator-block-size=2097152"
    "memorysetup-profiler-bucket-allocator-granularity=16"
    "memorysetup-profiler-bucket-allocator-bucket-count=8"
    "memorysetup-profiler-bucket-allocator-block-size=33554432"
    "memorysetup-profiler-bucket-allocator-block-count=8"
    "memorysetup-profiler-allocator-block-size=16777216"
    "memorysetup-profiler-editor-allocator-block-size=1048576"
    "memorysetup-temp-allocator-size-main=16777216"
    "memorysetup-job-temp-allocator-block-size=2097152"
    "memorysetup-job-temp-allocator-block-size-background=1048576"
    "memorysetup-job-temp-allocator-reduction-small-platforms=262144"
    "memorysetup-temp-allocator-size-background-worker=32768"
    "memorysetup-temp-allocator-size-job-worker=262144"
    "memorysetup-temp-allocator-size-preload-manager=33554432"
    "memorysetup-temp-allocator-size-nav-mesh-worker=65536"
    "memorysetup-temp-allocator-size-audio-worker=65536"
    "memorysetup-temp-allocator-size-cloud-worker=32768"
    "memorysetup-temp-allocator-size-gi-baking-worker=262144"
    "memorysetup-temp-allocator-size-gfx=262144"
Refreshing native plugins compatible for Editor in 162.04 ms, found 3 plugins.
Preloading 0 native plugins for Editor in 0.00 ms.
Initialize engine version: 2021.3.7f1 (24e8595d6d43)
[Subsystems] Discovering subsystems at path C:/Program Files/Unity/Hub/Editor/2021.3.7f1/Editor/Data/Resources/UnitySubsystems
[Subsystems] Discovering subsystems at path C:/Users/james/Desktop/Loz/ReligionThingy/LegendsofZanzarkReligionGame/Legends Of Zanzark Ascension/Assets
GfxDevice: creating device client; threaded=0; jobified=0
Direct3D:
    Version:  Direct3D 11.0 [level 11.1]
    Renderer: NVIDIA GeForce RTX 3060 (ID=0x2504)
    Vendor:   NVIDIA
    VRAM:     12142 MB
    Driver:   31.0.15.1694
Initialize mono
Mono path[0] = 'C:/Program Files/Unity/Hub/Editor/2021.3.7f1/Editor/Data/Managed'
Mono path[1] = 'C:/Program Files/Unity/Hub/Editor/2021.3.7f1/Editor/Data/MonoBleedingEdge/lib/mono/unityjit-win32'
Mono config path = 'C:/Program Files/Unity/Hub/Editor/2021.3.7f1/Editor/Data/MonoBleedingEdge/etc'
Using monoOptions --debugger-agent=transport=dt_socket,embedding=1,server=y,suspend=n,address=127.0.0.1:56388
Begin MonoManager ReloadAssembly
Registering precompiled unity dll's ...
Register platform support module: C:/Program Files/Unity/Hub/Editor/2021.3.7f1/Editor/Data/PlaybackEngines/WindowsStandaloneSupport/UnityEditor.WindowsStandalone.Extensions.dll
Registered in 0.015027 seconds.
Native extension for WindowsStandalone target not found
Refreshing native plugins compatible for Editor in 211.53 ms, found 3 plugins.
Preloading 0 native plugins for Editor in 0.00 ms.
Mono: successfully reloaded assembly
- Completed reload, in  1.429 seconds
Domain Reload Profiling:
	ReloadAssembly (1430ms)
		BeginReloadAssembly (161ms)
			ExecutionOrderSort (0ms)
			DisableScriptedObjects (0ms)
			BackupInstance (0ms)
			ReleaseScriptingObjects (0ms)
			CreateAndSetChildDomain (2ms)
		EndReloadAssembly (1035ms)
			LoadAssemblies (154ms)
			RebuildTransferFunctionScriptingTraits (0ms)
			SetupTypeCache (211ms)
			ReleaseScriptCaches (0ms)
			RebuildScriptCaches (60ms)
			SetupLoadedEditorAssemblies (651ms)
				LogAssemblyErrors (0ms)
				InitializePlatformSupportModulesInManaged (19ms)
				SetLoadedEditorAssemblies (0ms)
				RefreshPlugins (212ms)
				BeforeProcessingInitializeOnLoad (3ms)
				ProcessInitializeOnLoadAttributes (323ms)
				ProcessInitializeOnLoadMethodAttributes (94ms)
				AfterProcessingInitializeOnLoad (0ms)
				EditorAssembliesLoaded (0ms)
			ExecutionOrderSort2 (0ms)
			AwakeInstancesAfterBackupRestoration (0ms)
Platform modules already initialized, skipping
Registering precompiled user dll's ...
Registered in 0.016840 seconds.
Begin MonoManager ReloadAssembly
Symbol file LoadedFromMemory doesn't match image C:\Users\james\Desktop\Loz\ReligionThingy\LegendsofZanzarkReligionGame\Legends Of Zanzark Ascension\Library\PackageCache\com.unity.visualscripting@1.7.8\Editor\VisualScripting.Core\Dependencies\YamlDotNet\Unity.VisualScripting.YamlDotNet.dll
Symbol file LoadedFromMemory doesn't match image C:\Users\james\Desktop\Loz\ReligionThingy\LegendsofZanzarkReligionGame\Legends Of Zanzark Ascension\Library\PackageCache\com.unity.visualscripting@1.7.8\Editor\VisualScripting.Core\Dependencies\DotNetZip\Unity.VisualScripting.IonicZip.dll
Native extension for WindowsStandalone target not found
Refreshing native plugins compatible for Editor in 1.07 ms, found 3 plugins.
Preloading 0 native plugins for Editor in 0.00 ms.
System.Exception: Error! Visual Scripting: couldn't find visual scripting package
  at Unity.VisualScripting.PackageVersionUtility.get_version () [0x00043] in C:\Users\james\Desktop\Loz\ReligionThingy\LegendsofZanzarkReligionGame\Legends Of Zanzark Ascension\Library\PackageCache\com.unity.visualscripting@1.7.8\Editor\VisualScripting.Core\Utilities\PackageVersionUtility.cs:31 
  at Unity.VisualScripting.BoltCoreManifest.get_version () [0x00000] in C:\Users\james\Desktop\Loz\ReligionThingy\LegendsofZanzarkReligionGame\Legends Of Zanzark Ascension\Library\PackageCache\com.unity.visualscripting@1.7.8\Editor\VisualScripting.Core\Plugin\BoltCoreManifest.cs:11 
  at Unity.VisualScripting.PluginManifest.get_currentVersion () [0x00000] in C:\Users\james\Desktop\Loz\ReligionThingy\LegendsofZanzarkReligionGame\Legends Of Zanzark Ascension\Library\PackageCache\com.unity.visualscripting@1.7.8\Editor\VisualScripting.Core\Plugins\PluginManifest.cs:33 
  at Unity.VisualScripting.PluginManifest.get_versionMismatch () [0x00000] in C:\Users\james\Desktop\Loz\ReligionThingy\LegendsofZanzarkReligionGame\Legends Of Zanzark Ascension\Library\PackageCache\com.unity.visualscripting@1.7.8\Editor\VisualScripting.Core\Plugins\PluginManifest.cs:48 
  at Unity.VisualScripting.PluginContainer.Initialize () [0x00525] in C:\Users\james\Desktop\Loz\ReligionThingy\LegendsofZanzarkReligionGame\Legends Of Zanzark Ascension\Library\PackageCache\com.unity.visualscripting@1.7.8\Editor\VisualScripting.Core\Plugins\PluginContainer.cs:208 
  at Unity.VisualScripting.PluginContainer.InitializeOnLoad () [0x00009] in C:\Users\james\Desktop\Loz\ReligionThingy\LegendsofZanzarkReligionGame\Legends Of Zanzark Ascension\Library\PackageCache\com.unity.visualscripting@1.7.8\Editor\VisualScripting.Core\Plugins\PluginContainer.cs:32 
  at Unity.VisualScripting.VSUsageUtility.DoInitializeOnLoadCalls () [0x00034] in C:\Users\james\Desktop\Loz\ReligionThingy\LegendsofZanzarkReligionGame\Legends Of Zanzark Ascension\Library\PackageCache\com.unity.visualscripting@1.7.8\Editor\VisualScripting.Core\Utilities\VSUsageUtility.cs:76 
  at Unity.VisualScripting.VSUsageUtility.set_isVisualScriptingUsed (System.Boolean value) [0x0002c] in C:\Users\james\Desktop\Loz\ReligionThingy\LegendsofZanzarkReligionGame\Legends Of Zanzark Ascension\Library\PackageCache\com.unity.visualscripting@1.7.8\Editor\VisualScripting.Core\Utilities\VSUsageUtility.cs:114 
  at Unity.VisualScripting.VSUsageUtility.CheckAndSetIsVisualScriptingUsed () [0x00032] in C:\Users\james\Desktop\Loz\ReligionThingy\LegendsofZanzarkReligionGame\Legends Of Zanzark Ascension\Library\PackageCache\com.unity.visualscripting@1.7.8\Editor\VisualScripting.Core\Utilities\VSUsageUtility.cs:48 
  at Unity.VisualScripting.VSUsageUtility..cctor () [0x00000] in C:\Users\james\Desktop\Loz\ReligionThingy\LegendsofZanzarkReligionGame\Legends Of Zanzark Ascension\Library\PackageCache\com.unity.visualscripting@1.7.8\Editor\VisualScripting.Core\Utilities\VSUsageUtility.cs:22 
UnityEngine.StackTraceUtility:ExtractStackTrace ()
UnityEngine.DebugLogHandler:LogFormat (UnityEngine.LogType,UnityEngine.Object,string,object[])
UnityEngine.Logger:Log (UnityEngine.LogType,object)
UnityEngine.Debug:LogError (object)
UnityEditor.EditorAssemblies:ProcessInitializeOnLoadAttributes (System.Type[])

Mono: successfully reloaded assembly
- Completed reload, in  2.805 seconds
Domain Reload Profiling:
	ReloadAssembly (2807ms)
		BeginReloadAssembly (238ms)
			ExecutionOrderSort (0ms)
			DisableScriptedObjects (14ms)
			BackupInstance (0ms)
			ReleaseScriptingObjects (0ms)
			CreateAndSetChildDomain (36ms)
		EndReloadAssembly (2396ms)
			LoadAssemblies (158ms)
			RebuildTransferFunctionScriptingTraits (0ms)
			SetupTypeCache (482ms)
			ReleaseScriptCaches (1ms)
			RebuildScriptCaches (131ms)
			SetupLoadedEditorAssemblies (1528ms)
				LogAssemblyErrors (0ms)
				InitializePlatformSupportModulesInManaged (30ms)
				SetLoadedEditorAssemblies (1ms)
				RefreshPlugins (1ms)
				BeforeProcessingInitializeOnLoad (224ms)
				ProcessInitializeOnLoadAttributes (1195ms)
				ProcessInitializeOnLoadMethodAttributes (57ms)
				AfterProcessingInitializeOnLoad (19ms)
				EditorAssembliesLoaded (0ms)
			ExecutionOrderSort2 (0ms)
			AwakeInstancesAfterBackupRestoration (13ms)
Platform modules already initialized, skipping
========================================================================
Worker process is ready to serve import requests
Launched and connected shader compiler UnityShaderCompiler.exe after 0.06 seconds
Refreshing native plugins compatible for Editor in 1.00 ms, found 3 plugins.
Preloading 0 native plugins for Editor in 0.00 ms.
Unloading 3576 Unused Serialized files (Serialized files now loaded: 0)
Unloading 31 unused Assets / (83.5 KB). Loaded Objects now: 4054.
Memory consumption went from 141.4 MB to 141.3 MB.
Total: 22.900400 ms (FindLiveObjects: 0.433900 ms CreateObjectMapping: 0.367200 ms MarkObjects: 21.901100 ms  DeleteObjects: 0.196700 ms)

AssetImportParameters requested are different than current active one (requested -> active):
  custom:video-decoder-ogg-theora: a1e56fd34408186e4bbccfd4996cb3dc -> 
  custom:container-muxer-webm: aa71ff27fc2769a1b78a27578f13a17b -> 
  custom:container-demuxer-webm: 4f35f7cbe854078d1ac9338744f61a02 -> 
  custom:video-encoder-webm-vp8: eb34c28f22e8b96e1ab97ce403110664 -> 
  custom:audio-encoder-webm-vorbis: bf7c407c2cedff20999df2af8eb42d56 -> 
  custom:framework-win-MediaFoundation: 216162199b28c13a410421893ffa2e32 -> 
  custom:container-demuxer-ogg: 62fdf1f143b41e24485cea50d1cbac27 -> 
  custom:video-decoder-webm-vp8: 9c59270c3fd7afecdb556c50c9e8de78 -> 
  custom:audio-decoder-ogg-vorbis: bf7c407c2cedff20999df2af8eb42d56 -> 
========================================================================
Received Import Request.
  Time since last request: 218213.235399 seconds.
  path: Assets/Sprites/MapStuff/MapPieces/DarkLands/DurzumsFall.png
  artifactKey: Guid(c0ebf2e02c59f4045b421117ad68f612) Importer(815301076,1909f56bfc062723c751e8b465ee728b)
Start importing Assets/Sprites/MapStuff/MapPieces/DarkLands/DurzumsFall.png using Guid(c0ebf2e02c59f4045b421117ad68f612) Importer(815301076,1909f56bfc062723c751e8b465ee728b)  -> (artifact id: '94753bf34f65cebda1b83ade5cecbd03') in 0.394306 seconds 
========================================================================
Received Import Request.
  Time since last request: 1155.237299 seconds.
  path: Assets/Sprites/MapStuff/MapPieces/LightWood/Watchers.png
  artifactKey: Guid(1e16fff14ac257b458624c0e9849ac26) Importer(815301076,1909f56bfc062723c751e8b465ee728b)
Start importing Assets/Sprites/MapStuff/MapPieces/LightWood/Watchers.png using Guid(1e16fff14ac257b458624c0e9849ac26) Importer(815301076,1909f56bfc062723c751e8b465ee728b)  -> (artifact id: '20a77a4c8f523b795cc98777d7259f2c') in 0.024081 seconds 
========================================================================
Received Import Request.
  Time since last request: 384.998792 seconds.
  path: Assets/Sprites/MapStuff/MapPieces/LightWood/Corss Delar.png
  artifactKey: Guid(27fcfac0da57dc24bb8bd38ace9b5176) Importer(815301076,1909f56bfc062723c751e8b465ee728b)
Start importing Assets/Sprites/MapStuff/MapPieces/LightWood/Corss Delar.png using Guid(27fcfac0da57dc24bb8bd38ace9b5176) Importer(815301076,1909f56bfc062723c751e8b465ee728b)  -> (artifact id: 'ac1f140fc9d77285230a94c8bf34ec19') in 0.028295 seconds 
========================================================================
Received Import Request.
  Time since last request: 0.000050 seconds.
  path: Assets/Sprites/MapStuff/MapPieces/LightWood/FortressShandris.png
  artifactKey: Guid(d2b55329ca704614594ba1ed8f0611c3) Importer(815301076,1909f56bfc062723c751e8b465ee728b)
Start importing Assets/Sprites/MapStuff/MapPieces/LightWood/FortressShandris.png using Guid(d2b55329ca704614594ba1ed8f0611c3) Importer(815301076,1909f56bfc062723c751e8b465ee728b)  -> (artifact id: '313a9ffb9edac2035238be8994469be3') in 0.024644 seconds 
========================================================================
Received Import Request.
  Time since last request: 0.000034 seconds.
  path: Assets/Sprites/MapStuff/MapPieces/LightWood/Faltarrim.png
  artifactKey: Guid(2c8459e7deb1f4b409f38e5f6356125a) Importer(815301076,1909f56bfc062723c751e8b465ee728b)
Start importing Assets/Sprites/MapStuff/MapPieces/LightWood/Faltarrim.png using Guid(2c8459e7deb1f4b409f38e5f6356125a) Importer(815301076,1909f56bfc062723c751e8b465ee728b)  -> (artifact id: 'ace6c8e4878c8d5255d8570d7d2e5b1a') in 0.028976 seconds 
========================================================================
Received Import Request.
  Time since last request: 0.000052 seconds.
  path: Assets/Sprites/MapStuff/MapPieces/LightWood/Elshalar.png
  artifactKey: Guid(ba5120069f9fa954b81616ed635d0f5c) Importer(815301076,1909f56bfc062723c751e8b465ee728b)
Start importing Assets/Sprites/MapStuff/MapPieces/LightWood/Elshalar.png using Guid(ba5120069f9fa954b81616ed635d0f5c) Importer(815301076,1909f56bfc062723c751e8b465ee728b)  -> (artifact id: 'b176ee82fea7a71a1bbf179d0f79fea7') in 0.022753 seconds 
========================================================================
Received Import Request.
  Time since last request: 15.214729 seconds.
  path: Assets/Sprites/MapStuff/MapPieces/LightWood/Corss Delar.png
  artifactKey: Guid(27fcfac0da57dc24bb8bd38ace9b5176) Importer(815301076,1909f56bfc062723c751e8b465ee728b)
Start importing Assets/Sprites/MapStuff/MapPieces/LightWood/Corss Delar.png using Guid(27fcfac0da57dc24bb8bd38ace9b5176) Importer(815301076,1909f56bfc062723c751e8b465ee728b)  -> (artifact id: 'e06da67b7fb722edaac165baf97e7aa0') in 0.031323 seconds 
========================================================================
Received Import Request.
  Time since last request: 0.000046 seconds.
  path: Assets/Sprites/MapStuff/MapPieces/LightWood/TelMatharin.png
  artifactKey: Guid(d892925fc7a22cb4b82668eb3538af4b) Importer(815301076,1909f56bfc062723c751e8b465ee728b)
Start importing Assets/Sprites/MapStuff/MapPieces/LightWood/TelMatharin.png using Guid(d892925fc7a22cb4b82668eb3538af4b) Importer(815301076,1909f56bfc062723c751e8b465ee728b)  -> (artifact id: '9de8e9ee4ca339f9c9bbde9111de84f3') in 0.032826 seconds 
========================================================================
Received Import Request.
  Time since last request: 0.000055 seconds.
  path: Assets/Sprites/MapStuff/MapPieces/LightWood/Watchers.png
  artifactKey: Guid(1e16fff14ac257b458624c0e9849ac26) Importer(815301076,1909f56bfc062723c751e8b465ee728b)
Start importing Assets/Sprites/MapStuff/MapPieces/LightWood/Watchers.png using Guid(1e16fff14ac257b458624c0e9849ac26) Importer(815301076,1909f56bfc062723c751e8b465ee728b)  -> (artifact id: '789660334ee599333dc9d87881fa4667') in 0.036341 seconds 
========================================================================
Received Import Request.
  Time since last request: 0.000100 seconds.
  path: Assets/Sprites/MapStuff/MapPieces/LightWood/Elshalar.png
  artifactKey: Guid(ba5120069f9fa954b81616ed635d0f5c) Importer(815301076,1909f56bfc062723c751e8b465ee728b)
Start importing Assets/Sprites/MapStuff/MapPieces/LightWood/Elshalar.png using Guid(ba5120069f9fa954b81616ed635d0f5c) Importer(815301076,1909f56bfc062723c751e8b465ee728b)  -> (artifact id: 'fbda26dfb8832f4ff717c10599492577') in 0.036220 seconds 
========================================================================
Received Import Request.
  Time since last request: 494.748710 seconds.
  path: Assets/Sprites/MapStuff/MapPieces/DarkWood/WhisperingHollow.png
  artifactKey: Guid(d24c2794eff173f47aae4d29688240ca) Importer(815301076,1909f56bfc062723c751e8b465ee728b)
Start importing Assets/Sprites/MapStuff/MapPieces/DarkWood/WhisperingHollow.png using Guid(d24c2794eff173f47aae4d29688240ca) Importer(815301076,1909f56bfc062723c751e8b465ee728b)  -> (artifact id: 'b4b1a9fc4e6af80faebc43fe0f9920c5') in 0.019730 seconds 
========================================================================
Received Import Request.
  Time since last request: 8.022393 seconds.
  path: Assets/Sprites/MapStuff/MapPieces/DarkWood/WhisperingHollow.png
  artifactKey: Guid(d24c2794eff173f47aae4d29688240ca) Importer(815301076,1909f56bfc062723c751e8b465ee728b)
Start importing Assets/Sprites/MapStuff/MapPieces/DarkWood/WhisperingHollow.png using Guid(d24c2794eff173f47aae4d29688240ca) Importer(815301076,1909f56bfc062723c751e8b465ee728b)  -> (artifact id: 'de4ae5fb4adcd7f87931fdb48979ec96') in 0.027803 seconds 
========================================================================
Received Import Request.
  Time since last request: 274.968715 seconds.
  path: Assets/Sprites/MapStuff/MapPieces/BurntHills/SlaughtersRavine.png
  artifactKey: Guid(44de5a0af7f12e64c89a6e1916c044ae) Importer(815301076,1909f56bfc062723c751e8b465ee728b)
Start importing Assets/Sprites/MapStuff/MapPieces/BurntHills/SlaughtersRavine.png using Guid(44de5a0af7f12e64c89a6e1916c044ae) Importer(815301076,1909f56bfc062723c751e8b465ee728b)  -> (artifact id: '1eaebf44ed41226da23c1d24d4938a84') in 0.031720 seconds 
========================================================================
Received Import Request.
  Time since last request: 278.189947 seconds.
  path: Assets/Sprites/MapStuff/MapPieces/BurntHills/BloodCrag Rock.png
  artifactKey: Guid(9a71163fb37f46b49af02d62063136d2) Importer(815301076,1909f56bfc062723c751e8b465ee728b)
Start importing Assets/Sprites/MapStuff/MapPieces/BurntHills/BloodCrag Rock.png using Guid(9a71163fb37f46b49af02d62063136d2) Importer(815301076,1909f56bfc062723c751e8b465ee728b)  -> (artifact id: '6e3b3b6c0ae0f5701f867d63d83a1e00') in 0.035075 seconds 
========================================================================
Received Import Request.
  Time since last request: 0.000035 seconds.
  path: Assets/Sprites/MapStuff/MapPieces/BurntHills/Volcanadon.png
  artifactKey: Guid(876fbcb415cfc3c4b9e33309f35b16c7) Importer(815301076,1909f56bfc062723c751e8b465ee728b)
Start importing Assets/Sprites/MapStuff/MapPieces/BurntHills/Volcanadon.png using Guid(876fbcb415cfc3c4b9e33309f35b16c7) Importer(815301076,1909f56bfc062723c751e8b465ee728b)  -> (artifact id: '40c1fb4458e89290c58be4809275299e') in 0.032034 seconds 
========================================================================
Received Import Request.
  Time since last request: 0.000041 seconds.
  path: Assets/Sprites/MapStuff/MapPieces/BurntHills/TekLagain.png
  artifactKey: Guid(33d5330832d3c914d9c956cedc7b9e03) Importer(815301076,1909f56bfc062723c751e8b465ee728b)
Start importing Assets/Sprites/MapStuff/MapPieces/BurntHills/TekLagain.png using Guid(33d5330832d3c914d9c956cedc7b9e03) Importer(815301076,1909f56bfc062723c751e8b465ee728b)  -> (artifact id: 'cf332d9416fbc7be3db7ad92f752614b') in 0.031168 seconds 
========================================================================
Received Import Request.
  Time since last request: 9.212996 seconds.
  path: Assets/Sprites/MapStuff/MapPieces/BurntHills/Goblin Pits.png
  artifactKey: Guid(eb0027c3d06ac024b95c6647aab48ade) Importer(815301076,1909f56bfc062723c751e8b465ee728b)
Start importing Assets/Sprites/MapStuff/MapPieces/BurntHills/Goblin Pits.png using Guid(eb0027c3d06ac024b95c6647aab48ade) Importer(815301076,1909f56bfc062723c751e8b465ee728b)  -> (artifact id: '77994bfc7d855f044abe5c1c2ad6392a') in 0.031384 seconds 
========================================================================
Received Import Request.
  Time since last request: 0.000039 seconds.
  path: Assets/Sprites/MapStuff/MapPieces/BurntHills/SeaOfFlames.png
  artifactKey: Guid(fd07b935ab9ff584aaf3687f0aad8d55) Importer(815301076,1909f56bfc062723c751e8b465ee728b)
Start importing Assets/Sprites/MapStuff/MapPieces/BurntHills/SeaOfFlames.png using Guid(fd07b935ab9ff584aaf3687f0aad8d55) Importer(815301076,1909f56bfc062723c751e8b465ee728b)  -> (artifact id: '5652cca62d7450994b6d065efbf53eed') in 0.028501 seconds 
========================================================================
Received Import Request.
  Time since last request: 0.000049 seconds.
  path: Assets/Sprites/MapStuff/MapPieces/BurntHills/TekLagain.png
  artifactKey: Guid(33d5330832d3c914d9c956cedc7b9e03) Importer(815301076,1909f56bfc062723c751e8b465ee728b)
Start importing Assets/Sprites/MapStuff/MapPieces/BurntHills/TekLagain.png using Guid(33d5330832d3c914d9c956cedc7b9e03) Importer(815301076,1909f56bfc062723c751e8b465ee728b)  -> (artifact id: 'd0f08b88681c7e075c175cf4e45288dd') in 0.039745 seconds 
Editor requested this worker to shutdown with reason: Scaling down because of idle timeout
AssetImportWorker is now disconnected from the server
Process exiting
Exiting without the bug reporter. Application will terminate with return code 0