Using pre-set license
Built from '2021.3/staging' branch; Version is '2021.3.7f1 (24e8595d6d43) revision 2418777'; Using compiler version '192829333'; Build Type 'Release'
OS: 'Windows 10  (10.0.19044) 64bit Professional' Language: 'en' Physical Memory: 16305 MB
BatchMode: 1, IsHumanControllingUs: 0, StartBugReporterOnCrash: 0, Is64bit: 1, IsPro: 1

COMMAND LINE ARGUMENTS:
C:\Program Files\Unity\Hub\Editor\2021.3.7f1\Editor\Unity.exe
-adb2
-batchMode
-noUpm
-name
AssetImportWorker0
-projectPath
C:/Users/james/Desktop/Loz/ReligionThingy/LegendsofZanzarkReligionGame/Legends Of Zanzark Ascension
-logFile
Logs/AssetImportWorker0.log
-srvPort
54675
Successfully changed project path to: C:/Users/james/Desktop/Loz/ReligionThingy/LegendsofZanzarkReligionGame/Legends Of Zanzark Ascension
C:/Users/james/Desktop/Loz/ReligionThingy/LegendsofZanzarkReligionGame/Legends Of Zanzark Ascension
[UnityMemory] Configuration Parameters - Can be set up in boot.config
    "memorysetup-bucket-allocator-granularity=16"
    "memorysetup-bucket-allocator-bucket-count=8"
    "memorysetup-bucket-allocator-block-size=33554432"
    "memorysetup-bucket-allocator-block-count=8"
    "memorysetup-main-allocator-block-size=16777216"
    "memorysetup-thread-allocator-block-size=16777216"
    "memorysetup-gfx-main-allocator-block-size=16777216"
    "memorysetup-gfx-thread-allocator-block-size=16777216"
    "memorysetup-cache-allocator-block-size=4194304"
    "memorysetup-typetree-allocator-block-size=2097152"
    "memorysetup-profiler-bucket-allocator-granularity=16"
    "memorysetup-profiler-bucket-allocator-bucket-count=8"
    "memorysetup-profiler-bucket-allocator-block-size=33554432"
    "memorysetup-profiler-bucket-allocator-block-count=8"
    "memorysetup-profiler-allocator-block-size=16777216"
    "memorysetup-profiler-editor-allocator-block-size=1048576"
    "memorysetup-temp-allocator-size-main=16777216"
    "memorysetup-job-temp-allocator-block-size=2097152"
    "memorysetup-job-temp-allocator-block-size-background=1048576"
    "memorysetup-job-temp-allocator-reduction-small-platforms=262144"
    "memorysetup-temp-allocator-size-background-worker=32768"
    "memorysetup-temp-allocator-size-job-worker=262144"
    "memorysetup-temp-allocator-size-preload-manager=33554432"
    "memorysetup-temp-allocator-size-nav-mesh-worker=65536"
    "memorysetup-temp-allocator-size-audio-worker=65536"
    "memorysetup-temp-allocator-size-cloud-worker=32768"
    "memorysetup-temp-allocator-size-gi-baking-worker=262144"
    "memorysetup-temp-allocator-size-gfx=262144"
Refreshing native plugins compatible for Editor in 208.26 ms, found 3 plugins.
Preloading 0 native plugins for Editor in 0.00 ms.
Initialize engine version: 2021.3.7f1 (24e8595d6d43)
[Subsystems] Discovering subsystems at path C:/Program Files/Unity/Hub/Editor/2021.3.7f1/Editor/Data/Resources/UnitySubsystems
[Subsystems] Discovering subsystems at path C:/Users/james/Desktop/Loz/ReligionThingy/LegendsofZanzarkReligionGame/Legends Of Zanzark Ascension/Assets
GfxDevice: creating device client; threaded=0; jobified=0
Direct3D:
    Version:  Direct3D 11.0 [level 11.1]
    Renderer: NVIDIA GeForce RTX 3060 (ID=0x2504)
    Vendor:   NVIDIA
    VRAM:     12142 MB
    Driver:   31.0.15.1694
Initialize mono
Mono path[0] = 'C:/Program Files/Unity/Hub/Editor/2021.3.7f1/Editor/Data/Managed'
Mono path[1] = 'C:/Program Files/Unity/Hub/Editor/2021.3.7f1/Editor/Data/MonoBleedingEdge/lib/mono/unityjit-win32'
Mono config path = 'C:/Program Files/Unity/Hub/Editor/2021.3.7f1/Editor/Data/MonoBleedingEdge/etc'
Using monoOptions --debugger-agent=transport=dt_socket,embedding=1,server=y,suspend=n,address=127.0.0.1:56920
Begin MonoManager ReloadAssembly
Registering precompiled unity dll's ...
Register platform support module: C:/Program Files/Unity/Hub/Editor/2021.3.7f1/Editor/Data/PlaybackEngines/WindowsStandaloneSupport/UnityEditor.WindowsStandalone.Extensions.dll
Registered in 0.027658 seconds.
Native extension for WindowsStandalone target not found
Refreshing native plugins compatible for Editor in 301.78 ms, found 3 plugins.
Preloading 0 native plugins for Editor in 0.00 ms.
Mono: successfully reloaded assembly
- Completed reload, in  2.219 seconds
Domain Reload Profiling:
	ReloadAssembly (2220ms)
		BeginReloadAssembly (216ms)
			ExecutionOrderSort (0ms)
			DisableScriptedObjects (0ms)
			BackupInstance (0ms)
			ReleaseScriptingObjects (0ms)
			CreateAndSetChildDomain (2ms)
		EndReloadAssembly (1561ms)
			LoadAssemblies (210ms)
			RebuildTransferFunctionScriptingTraits (0ms)
			SetupTypeCache (336ms)
			ReleaseScriptCaches (0ms)
			RebuildScriptCaches (111ms)
			SetupLoadedEditorAssemblies (957ms)
				LogAssemblyErrors (0ms)
				InitializePlatformSupportModulesInManaged (24ms)
				SetLoadedEditorAssemblies (1ms)
				RefreshPlugins (302ms)
				BeforeProcessingInitializeOnLoad (4ms)
				ProcessInitializeOnLoadAttributes (448ms)
				ProcessInitializeOnLoadMethodAttributes (178ms)
				AfterProcessingInitializeOnLoad (0ms)
				EditorAssembliesLoaded (1ms)
			ExecutionOrderSort2 (0ms)
			AwakeInstancesAfterBackupRestoration (0ms)
Platform modules already initialized, skipping
Registering precompiled user dll's ...
Registered in 0.030967 seconds.
Begin MonoManager ReloadAssembly
Symbol file LoadedFromMemory doesn't match image C:\Users\james\Desktop\Loz\ReligionThingy\LegendsofZanzarkReligionGame\Legends Of Zanzark Ascension\Library\PackageCache\com.unity.visualscripting@1.7.8\Editor\VisualScripting.Core\Dependencies\YamlDotNet\Unity.VisualScripting.YamlDotNet.dll
Symbol file LoadedFromMemory doesn't match image C:\Users\james\Desktop\Loz\ReligionThingy\LegendsofZanzarkReligionGame\Legends Of Zanzark Ascension\Library\PackageCache\com.unity.visualscripting@1.7.8\Editor\VisualScripting.Core\Dependencies\DotNetZip\Unity.VisualScripting.IonicZip.dll
Native extension for WindowsStandalone target not found
Refreshing native plugins compatible for Editor in 1.27 ms, found 3 plugins.
Preloading 0 native plugins for Editor in 0.00 ms.
System.Exception: Error! Visual Scripting: couldn't find visual scripting package
  at Unity.VisualScripting.PackageVersionUtility.get_version () [0x00043] in C:\Users\james\Desktop\Loz\ReligionThingy\LegendsofZanzarkReligionGame\Legends Of Zanzark Ascension\Library\PackageCache\com.unity.visualscripting@1.7.8\Editor\VisualScripting.Core\Utilities\PackageVersionUtility.cs:31 
  at Unity.VisualScripting.BoltCoreManifest.get_version () [0x00000] in C:\Users\james\Desktop\Loz\ReligionThingy\LegendsofZanzarkReligionGame\Legends Of Zanzark Ascension\Library\PackageCache\com.unity.visualscripting@1.7.8\Editor\VisualScripting.Core\Plugin\BoltCoreManifest.cs:11 
  at Unity.VisualScripting.PluginManifest.get_currentVersion () [0x00000] in C:\Users\james\Desktop\Loz\ReligionThingy\LegendsofZanzarkReligionGame\Legends Of Zanzark Ascension\Library\PackageCache\com.unity.visualscripting@1.7.8\Editor\VisualScripting.Core\Plugins\PluginManifest.cs:33 
  at Unity.VisualScripting.PluginManifest.get_versionMismatch () [0x00000] in C:\Users\james\Desktop\Loz\ReligionThingy\LegendsofZanzarkReligionGame\Legends Of Zanzark Ascension\Library\PackageCache\com.unity.visualscripting@1.7.8\Editor\VisualScripting.Core\Plugins\PluginManifest.cs:48 
  at Unity.VisualScripting.PluginContainer.Initialize () [0x00525] in C:\Users\james\Desktop\Loz\ReligionThingy\LegendsofZanzarkReligionGame\Legends Of Zanzark Ascension\Library\PackageCache\com.unity.visualscripting@1.7.8\Editor\VisualScripting.Core\Plugins\PluginContainer.cs:208 
  at Unity.VisualScripting.PluginContainer.InitializeOnLoad () [0x00009] in C:\Users\james\Desktop\Loz\ReligionThingy\LegendsofZanzarkReligionGame\Legends Of Zanzark Ascension\Library\PackageCache\com.unity.visualscripting@1.7.8\Editor\VisualScripting.Core\Plugins\PluginContainer.cs:32 
  at Unity.VisualScripting.VSUsageUtility.DoInitializeOnLoadCalls () [0x00034] in C:\Users\james\Desktop\Loz\ReligionThingy\LegendsofZanzarkReligionGame\Legends Of Zanzark Ascension\Library\PackageCache\com.unity.visualscripting@1.7.8\Editor\VisualScripting.Core\Utilities\VSUsageUtility.cs:76 
  at Unity.VisualScripting.VSUsageUtility.set_isVisualScriptingUsed (System.Boolean value) [0x0002c] in C:\Users\james\Desktop\Loz\ReligionThingy\LegendsofZanzarkReligionGame\Legends Of Zanzark Ascension\Library\PackageCache\com.unity.visualscripting@1.7.8\Editor\VisualScripting.Core\Utilities\VSUsageUtility.cs:114 
  at Unity.VisualScripting.VSUsageUtility.CheckAndSetIsVisualScriptingUsed () [0x00032] in C:\Users\james\Desktop\Loz\ReligionThingy\LegendsofZanzarkReligionGame\Legends Of Zanzark Ascension\Library\PackageCache\com.unity.visualscripting@1.7.8\Editor\VisualScripting.Core\Utilities\VSUsageUtility.cs:48 
  at Unity.VisualScripting.VSUsageUtility..cctor () [0x00000] in C:\Users\james\Desktop\Loz\ReligionThingy\LegendsofZanzarkReligionGame\Legends Of Zanzark Ascension\Library\PackageCache\com.unity.visualscripting@1.7.8\Editor\VisualScripting.Core\Utilities\VSUsageUtility.cs:22 
UnityEngine.StackTraceUtility:ExtractStackTrace ()
UnityEngine.DebugLogHandler:LogFormat (UnityEngine.LogType,UnityEngine.Object,string,object[])
UnityEngine.Logger:Log (UnityEngine.LogType,object)
UnityEngine.Debug:LogError (object)
UnityEditor.EditorAssemblies:ProcessInitializeOnLoadAttributes (System.Type[])

Mono: successfully reloaded assembly
- Completed reload, in  4.048 seconds
Domain Reload Profiling:
	ReloadAssembly (4051ms)
		BeginReloadAssembly (367ms)
			ExecutionOrderSort (0ms)
			DisableScriptedObjects (20ms)
			BackupInstance (0ms)
			ReleaseScriptingObjects (0ms)
			CreateAndSetChildDomain (46ms)
		EndReloadAssembly (3362ms)
			LoadAssemblies (209ms)
			RebuildTransferFunctionScriptingTraits (0ms)
			SetupTypeCache (824ms)
			ReleaseScriptCaches (1ms)
			RebuildScriptCaches (172ms)
			SetupLoadedEditorAssemblies (2025ms)
				LogAssemblyErrors (0ms)
				InitializePlatformSupportModulesInManaged (16ms)
				SetLoadedEditorAssemblies (2ms)
				RefreshPlugins (1ms)
				BeforeProcessingInitializeOnLoad (290ms)
				ProcessInitializeOnLoadAttributes (1630ms)
				ProcessInitializeOnLoadMethodAttributes (65ms)
				AfterProcessingInitializeOnLoad (21ms)
				EditorAssembliesLoaded (0ms)
			ExecutionOrderSort2 (0ms)
			AwakeInstancesAfterBackupRestoration (16ms)
Platform modules already initialized, skipping
========================================================================
Worker process is ready to serve import requests
Launched and connected shader compiler UnityShaderCompiler.exe after 0.07 seconds
Refreshing native plugins compatible for Editor in 1.50 ms, found 3 plugins.
Preloading 0 native plugins for Editor in 0.00 ms.
Unloading 3578 Unused Serialized files (Serialized files now loaded: 0)
Unloading 31 unused Assets / (83.2 KB). Loaded Objects now: 4057.
Memory consumption went from 142.0 MB to 141.9 MB.
Total: 34.738300 ms (FindLiveObjects: 0.618800 ms CreateObjectMapping: 0.540700 ms MarkObjects: 33.316900 ms  DeleteObjects: 0.259400 ms)

AssetImportParameters requested are different than current active one (requested -> active):
  custom:video-decoder-ogg-theora: a1e56fd34408186e4bbccfd4996cb3dc -> 
  custom:container-muxer-webm: aa71ff27fc2769a1b78a27578f13a17b -> 
  custom:container-demuxer-webm: 4f35f7cbe854078d1ac9338744f61a02 -> 
  custom:video-encoder-webm-vp8: eb34c28f22e8b96e1ab97ce403110664 -> 
  custom:audio-encoder-webm-vorbis: bf7c407c2cedff20999df2af8eb42d56 -> 
  custom:framework-win-MediaFoundation: 216162199b28c13a410421893ffa2e32 -> 
  custom:container-demuxer-ogg: 62fdf1f143b41e24485cea50d1cbac27 -> 
  custom:video-decoder-webm-vp8: 9c59270c3fd7afecdb556c50c9e8de78 -> 
  custom:audio-decoder-ogg-vorbis: bf7c407c2cedff20999df2af8eb42d56 -> 
========================================================================
Received Import Request.
  Time since last request: 195259.984794 seconds.
  path: Assets/Photon Unity Networking/Resources/CultSelectionPanel.prefab
  artifactKey: Guid(6f058be4c27fc9f4d950f8eeff290586) Importer(815301076,1909f56bfc062723c751e8b465ee728b)
Start importing Assets/Photon Unity Networking/Resources/CultSelectionPanel.prefab using Guid(6f058be4c27fc9f4d950f8eeff290586) Importer(815301076,1909f56bfc062723c751e8b465ee728b)  -> (artifact id: 'c5786742031105b9fc84efd9c6434c82') in 0.285183 seconds 
========================================================================
Received Import Request.
  Time since last request: 21.210004 seconds.
  path: Assets/Photon Unity Networking/Resources/ServerListing.prefab
  artifactKey: Guid(9d6a17e679a40a0489609f3c6e17955d) Importer(815301076,1909f56bfc062723c751e8b465ee728b)
Start importing Assets/Photon Unity Networking/Resources/ServerListing.prefab using Guid(9d6a17e679a40a0489609f3c6e17955d) Importer(815301076,1909f56bfc062723c751e8b465ee728b)  -> (artifact id: '254168be1c7ce2e40674b234e310140f') in 0.062299 seconds 
========================================================================
Received Import Request.
  Time since last request: 48.217342 seconds.
  path: Assets/Sprites/MapStuff/Base Map.png
  artifactKey: Guid(2c25c2cf95095cc48b8ed509d17918bf) Importer(815301076,1909f56bfc062723c751e8b465ee728b)
Start importing Assets/Sprites/MapStuff/Base Map.png using Guid(2c25c2cf95095cc48b8ed509d17918bf) Importer(815301076,1909f56bfc062723c751e8b465ee728b)  -> (artifact id: '622d71e38203f925fdf6b5bf7b2c0f78') in 0.545796 seconds 
========================================================================
Received Import Request.
  Time since last request: 25.504391 seconds.
  path: Assets/Photon Unity Networking/Resources/ServerListing.prefab
  artifactKey: Guid(9d6a17e679a40a0489609f3c6e17955d) Importer(815301076,1909f56bfc062723c751e8b465ee728b)
Start importing Assets/Photon Unity Networking/Resources/ServerListing.prefab using Guid(9d6a17e679a40a0489609f3c6e17955d) Importer(815301076,1909f56bfc062723c751e8b465ee728b)  -> (artifact id: 'f4654cc07cb6ee5413fe94993aea0093') in 0.070058 seconds 
========================================================================
Received Import Request.
  Time since last request: 1.859053 seconds.
  path: Assets/Photon Unity Networking/Resources/ServerListing.prefab
  artifactKey: Guid(9d6a17e679a40a0489609f3c6e17955d) Importer(815301076,1909f56bfc062723c751e8b465ee728b)
Start importing Assets/Photon Unity Networking/Resources/ServerListing.prefab using Guid(9d6a17e679a40a0489609f3c6e17955d) Importer(815301076,1909f56bfc062723c751e8b465ee728b)  -> (artifact id: '7edc20043f4739d1968ed7058a9609f7') in 0.054821 seconds 
========================================================================
Received Import Request.
  Time since last request: 5.918225 seconds.
  path: Assets/Photon Unity Networking/Resources/ServerListing.prefab
  artifactKey: Guid(9d6a17e679a40a0489609f3c6e17955d) Importer(815301076,1909f56bfc062723c751e8b465ee728b)
Start importing Assets/Photon Unity Networking/Resources/ServerListing.prefab using Guid(9d6a17e679a40a0489609f3c6e17955d) Importer(815301076,1909f56bfc062723c751e8b465ee728b)  -> (artifact id: 'b7f7003e75c771473e1bd1ebd98559fa') in 0.055147 seconds 
========================================================================
Received Import Request.
  Time since last request: 37.186480 seconds.
  path: Assets/Photon Unity Networking/Resources/ServerListing.prefab
  artifactKey: Guid(9d6a17e679a40a0489609f3c6e17955d) Importer(815301076,1909f56bfc062723c751e8b465ee728b)
Start importing Assets/Photon Unity Networking/Resources/ServerListing.prefab using Guid(9d6a17e679a40a0489609f3c6e17955d) Importer(815301076,1909f56bfc062723c751e8b465ee728b)  -> (artifact id: 'f7e2edac3c565bae7c06644d83625b2a') in 0.046133 seconds 
========================================================================
Received Import Request.
  Time since last request: 4.927887 seconds.
  path: Assets/Photon Unity Networking/Resources/ServerListing.prefab
  artifactKey: Guid(9d6a17e679a40a0489609f3c6e17955d) Importer(815301076,1909f56bfc062723c751e8b465ee728b)
Start importing Assets/Photon Unity Networking/Resources/ServerListing.prefab using Guid(9d6a17e679a40a0489609f3c6e17955d) Importer(815301076,1909f56bfc062723c751e8b465ee728b)  -> (artifact id: '549d6772aa583f8e624fa20aa3221464') in 0.061796 seconds 
========================================================================
Received Import Request.
  Time since last request: 695.105804 seconds.
  path: Assets/Scripts/ButtonInteractivityManager.cs
  artifactKey: Guid(cdd083931fe69214e9074ae20b3fc0e0) Importer(815301076,1909f56bfc062723c751e8b465ee728b)
Start importing Assets/Scripts/ButtonInteractivityManager.cs using Guid(cdd083931fe69214e9074ae20b3fc0e0) Importer(815301076,1909f56bfc062723c751e8b465ee728b)  -> (artifact id: '52a41981061f3b01b7508d6abb7b3606') in 0.015881 seconds 
========================================================================
Received Import Request.
  Time since last request: 0.405272 seconds.
  path: Assets/Scripts/CharacterSelectionManager.cs
  artifactKey: Guid(d0b493ff8607359459bde2d415e17a1f) Importer(815301076,1909f56bfc062723c751e8b465ee728b)
Start importing Assets/Scripts/CharacterSelectionManager.cs using Guid(d0b493ff8607359459bde2d415e17a1f) Importer(815301076,1909f56bfc062723c751e8b465ee728b)  -> (artifact id: '33b0de97291317614e849151a208e580') in 0.009491 seconds 
========================================================================
Received Import Request.
  Time since last request: 0.827565 seconds.
  path: Assets/Scripts/GameManager.cs
  artifactKey: Guid(8f79e0235204eab48a8cdef2bb58bc56) Importer(815301076,1909f56bfc062723c751e8b465ee728b)
Start importing Assets/Scripts/GameManager.cs using Guid(8f79e0235204eab48a8cdef2bb58bc56) Importer(815301076,1909f56bfc062723c751e8b465ee728b)  -> (artifact id: '5288091976f6c46fa36ca94bdadddb7c') in 0.012192 seconds 
========================================================================
Received Import Request.
  Time since last request: 0.355124 seconds.
  path: Assets/Scripts/MenuManager.cs
  artifactKey: Guid(6405990f173306e4b9e446da3df87329) Importer(815301076,1909f56bfc062723c751e8b465ee728b)
Start importing Assets/Scripts/MenuManager.cs using Guid(6405990f173306e4b9e446da3df87329) Importer(815301076,1909f56bfc062723c751e8b465ee728b)  -> (artifact id: 'a8d33df732cf6c33099eb5364965cfd5') in 0.009837 seconds 
========================================================================
Received Import Request.
  Time since last request: 0.355200 seconds.
  path: Assets/Scripts/PlayerManager.cs
  artifactKey: Guid(6e65e73f391ebcf439d3040614ac9eb6) Importer(815301076,1909f56bfc062723c751e8b465ee728b)
Start importing Assets/Scripts/PlayerManager.cs using Guid(6e65e73f391ebcf439d3040614ac9eb6) Importer(815301076,1909f56bfc062723c751e8b465ee728b)  -> (artifact id: 'a2c6419780709c1fe5e66defd38124a7') in 0.009805 seconds 
========================================================================
Received Import Request.
  Time since last request: 0.369782 seconds.
  path: Assets/Scripts/ServerListing.cs
  artifactKey: Guid(c147ad3e52cb59147b5f4a0e61fe9254) Importer(815301076,1909f56bfc062723c751e8b465ee728b)
Start importing Assets/Scripts/ServerListing.cs using Guid(c147ad3e52cb59147b5f4a0e61fe9254) Importer(815301076,1909f56bfc062723c751e8b465ee728b)  -> (artifact id: '74b3138ff6a88d931e315727efbf50a2') in 0.004511 seconds 
========================================================================
Received Import Request.
  Time since last request: 0.419357 seconds.
  path: Assets/Scripts/ServerListingManager.cs
  artifactKey: Guid(54a016967debe3d49a2e4503564e064e) Importer(815301076,1909f56bfc062723c751e8b465ee728b)
Start importing Assets/Scripts/ServerListingManager.cs using Guid(54a016967debe3d49a2e4503564e064e) Importer(815301076,1909f56bfc062723c751e8b465ee728b)  -> (artifact id: 'baf366d56276b95478be090ce15edb29') in 0.012174 seconds 
========================================================================
Received Import Request.
  Time since last request: 0.617160 seconds.
  path: Assets/Scripts/TileManager.cs
  artifactKey: Guid(ebb547bc8c5ba974d8fc5a73abb0d185) Importer(815301076,1909f56bfc062723c751e8b465ee728b)
Start importing Assets/Scripts/TileManager.cs using Guid(ebb547bc8c5ba974d8fc5a73abb0d185) Importer(815301076,1909f56bfc062723c751e8b465ee728b)  -> (artifact id: '16bec61727bed58b2d4ca00ba4513529') in 0.012364 seconds 
========================================================================
Received Prepare
Registering precompiled user dll's ...
Registered in 0.029377 seconds.
Begin MonoManager ReloadAssembly
