Using pre-set license
Built from '2021.3/staging' branch; Version is '2021.3.7f1 (24e8595d6d43) revision 2418777'; Using compiler version '192829333'; Build Type 'Release'
OS: 'Windows 10  (10.0.19044) 64bit Professional' Language: 'en' Physical Memory: 16305 MB
BatchMode: 1, IsHumanControllingUs: 0, StartBugReporterOnCrash: 0, Is64bit: 1, IsPro: 1

COMMAND LINE ARGUMENTS:
C:\Program Files\Unity\Hub\Editor\2021.3.7f1\Editor\Unity.exe
-adb2
-batchMode
-noUpm
-name
AssetImportWorker3
-projectPath
C:/Users/james/Desktop/Loz/ReligionThingy/LegendsofZanzarkReligionGame/Legends Of Zanzark Ascension
-logFile
Logs/AssetImportWorker3.log
-srvPort
63094
Successfully changed project path to: C:/Users/james/Desktop/Loz/ReligionThingy/LegendsofZanzarkReligionGame/Legends Of Zanzark Ascension
C:/Users/james/Desktop/Loz/ReligionThingy/LegendsofZanzarkReligionGame/Legends Of Zanzark Ascension
[UnityMemory] Configuration Parameters - Can be set up in boot.config
    "memorysetup-bucket-allocator-granularity=16"
    "memorysetup-bucket-allocator-bucket-count=8"
    "memorysetup-bucket-allocator-block-size=33554432"
    "memorysetup-bucket-allocator-block-count=8"
    "memorysetup-main-allocator-block-size=16777216"
    "memorysetup-thread-allocator-block-size=16777216"
    "memorysetup-gfx-main-allocator-block-size=16777216"
    "memorysetup-gfx-thread-allocator-block-size=16777216"
    "memorysetup-cache-allocator-block-size=4194304"
    "memorysetup-typetree-allocator-block-size=2097152"
    "memorysetup-profiler-bucket-allocator-granularity=16"
    "memorysetup-profiler-bucket-allocator-bucket-count=8"
    "memorysetup-profiler-bucket-allocator-block-size=33554432"
    "memorysetup-profiler-bucket-allocator-block-count=8"
    "memorysetup-profiler-allocator-block-size=16777216"
    "memorysetup-profiler-editor-allocator-block-size=1048576"
    "memorysetup-temp-allocator-size-main=16777216"
    "memorysetup-job-temp-allocator-block-size=2097152"
    "memorysetup-job-temp-allocator-block-size-background=1048576"
    "memorysetup-job-temp-allocator-reduction-small-platforms=262144"
    "memorysetup-temp-allocator-size-background-worker=32768"
    "memorysetup-temp-allocator-size-job-worker=262144"
    "memorysetup-temp-allocator-size-preload-manager=33554432"
    "memorysetup-temp-allocator-size-nav-mesh-worker=65536"
    "memorysetup-temp-allocator-size-audio-worker=65536"
    "memorysetup-temp-allocator-size-cloud-worker=32768"
    "memorysetup-temp-allocator-size-gi-baking-worker=262144"
    "memorysetup-temp-allocator-size-gfx=262144"
Refreshing native plugins compatible for Editor in 164.24 ms, found 3 plugins.
Preloading 0 native plugins for Editor in 0.00 ms.
Initialize engine version: 2021.3.7f1 (24e8595d6d43)
[Subsystems] Discovering subsystems at path C:/Program Files/Unity/Hub/Editor/2021.3.7f1/Editor/Data/Resources/UnitySubsystems
[Subsystems] Discovering subsystems at path C:/Users/james/Desktop/Loz/ReligionThingy/LegendsofZanzarkReligionGame/Legends Of Zanzark Ascension/Assets
GfxDevice: creating device client; threaded=0; jobified=0
Direct3D:
    Version:  Direct3D 11.0 [level 11.1]
    Renderer: NVIDIA GeForce RTX 3060 (ID=0x2504)
    Vendor:   NVIDIA
    VRAM:     12142 MB
    Driver:   31.0.15.1694
Initialize mono
Mono path[0] = 'C:/Program Files/Unity/Hub/Editor/2021.3.7f1/Editor/Data/Managed'
Mono path[1] = 'C:/Program Files/Unity/Hub/Editor/2021.3.7f1/Editor/Data/MonoBleedingEdge/lib/mono/unityjit-win32'
Mono config path = 'C:/Program Files/Unity/Hub/Editor/2021.3.7f1/Editor/Data/MonoBleedingEdge/etc'
Using monoOptions --debugger-agent=transport=dt_socket,embedding=1,server=y,suspend=n,address=127.0.0.1:56628
Begin MonoManager ReloadAssembly
Registering precompiled unity dll's ...
Register platform support module: C:/Program Files/Unity/Hub/Editor/2021.3.7f1/Editor/Data/PlaybackEngines/WindowsStandaloneSupport/UnityEditor.WindowsStandalone.Extensions.dll
Registered in 0.016666 seconds.
Native extension for WindowsStandalone target not found
Refreshing native plugins compatible for Editor in 208.10 ms, found 3 plugins.
Preloading 0 native plugins for Editor in 0.00 ms.
Mono: successfully reloaded assembly
- Completed reload, in  1.359 seconds
Domain Reload Profiling:
	ReloadAssembly (1362ms)
		BeginReloadAssembly (175ms)
			ExecutionOrderSort (0ms)
			DisableScriptedObjects (0ms)
			BackupInstance (0ms)
			ReleaseScriptingObjects (0ms)
			CreateAndSetChildDomain (2ms)
		EndReloadAssembly (939ms)
			LoadAssemblies (168ms)
			RebuildTransferFunctionScriptingTraits (0ms)
			SetupTypeCache (187ms)
			ReleaseScriptCaches (0ms)
			RebuildScriptCaches (53ms)
			SetupLoadedEditorAssemblies (607ms)
				LogAssemblyErrors (0ms)
				InitializePlatformSupportModulesInManaged (16ms)
				SetLoadedEditorAssemblies (0ms)
				RefreshPlugins (208ms)
				BeforeProcessingInitializeOnLoad (3ms)
				ProcessInitializeOnLoadAttributes (295ms)
				ProcessInitializeOnLoadMethodAttributes (85ms)
				AfterProcessingInitializeOnLoad (0ms)
				EditorAssembliesLoaded (0ms)
			ExecutionOrderSort2 (0ms)
			AwakeInstancesAfterBackupRestoration (0ms)
Platform modules already initialized, skipping
Registering precompiled user dll's ...
Registered in 0.017677 seconds.
Begin MonoManager ReloadAssembly
Symbol file LoadedFromMemory doesn't match image C:\Users\james\Desktop\Loz\ReligionThingy\LegendsofZanzarkReligionGame\Legends Of Zanzark Ascension\Library\PackageCache\com.unity.visualscripting@1.7.8\Editor\VisualScripting.Core\Dependencies\YamlDotNet\Unity.VisualScripting.YamlDotNet.dll
Symbol file LoadedFromMemory doesn't match image C:\Users\james\Desktop\Loz\ReligionThingy\LegendsofZanzarkReligionGame\Legends Of Zanzark Ascension\Library\PackageCache\com.unity.visualscripting@1.7.8\Editor\VisualScripting.Core\Dependencies\DotNetZip\Unity.VisualScripting.IonicZip.dll
Native extension for WindowsStandalone target not found
Refreshing native plugins compatible for Editor in 1.11 ms, found 3 plugins.
Preloading 0 native plugins for Editor in 0.00 ms.
System.Exception: Error! Visual Scripting: couldn't find visual scripting package
  at Unity.VisualScripting.PackageVersionUtility.get_version () [0x00043] in C:\Users\james\Desktop\Loz\ReligionThingy\LegendsofZanzarkReligionGame\Legends Of Zanzark Ascension\Library\PackageCache\com.unity.visualscripting@1.7.8\Editor\VisualScripting.Core\Utilities\PackageVersionUtility.cs:31 
  at Unity.VisualScripting.BoltCoreManifest.get_version () [0x00000] in C:\Users\james\Desktop\Loz\ReligionThingy\LegendsofZanzarkReligionGame\Legends Of Zanzark Ascension\Library\PackageCache\com.unity.visualscripting@1.7.8\Editor\VisualScripting.Core\Plugin\BoltCoreManifest.cs:11 
  at Unity.VisualScripting.PluginManifest.get_currentVersion () [0x00000] in C:\Users\james\Desktop\Loz\ReligionThingy\LegendsofZanzarkReligionGame\Legends Of Zanzark Ascension\Library\PackageCache\com.unity.visualscripting@1.7.8\Editor\VisualScripting.Core\Plugins\PluginManifest.cs:33 
  at Unity.VisualScripting.PluginManifest.get_versionMismatch () [0x00000] in C:\Users\james\Desktop\Loz\ReligionThingy\LegendsofZanzarkReligionGame\Legends Of Zanzark Ascension\Library\PackageCache\com.unity.visualscripting@1.7.8\Editor\VisualScripting.Core\Plugins\PluginManifest.cs:48 
  at Unity.VisualScripting.PluginContainer.Initialize () [0x00525] in C:\Users\james\Desktop\Loz\ReligionThingy\LegendsofZanzarkReligionGame\Legends Of Zanzark Ascension\Library\PackageCache\com.unity.visualscripting@1.7.8\Editor\VisualScripting.Core\Plugins\PluginContainer.cs:208 
  at Unity.VisualScripting.PluginContainer.InitializeOnLoad () [0x00009] in C:\Users\james\Desktop\Loz\ReligionThingy\LegendsofZanzarkReligionGame\Legends Of Zanzark Ascension\Library\PackageCache\com.unity.visualscripting@1.7.8\Editor\VisualScripting.Core\Plugins\PluginContainer.cs:32 
  at Unity.VisualScripting.VSUsageUtility.DoInitializeOnLoadCalls () [0x00034] in C:\Users\james\Desktop\Loz\ReligionThingy\LegendsofZanzarkReligionGame\Legends Of Zanzark Ascension\Library\PackageCache\com.unity.visualscripting@1.7.8\Editor\VisualScripting.Core\Utilities\VSUsageUtility.cs:76 
  at Unity.VisualScripting.VSUsageUtility.set_isVisualScriptingUsed (System.Boolean value) [0x0002c] in C:\Users\james\Desktop\Loz\ReligionThingy\LegendsofZanzarkReligionGame\Legends Of Zanzark Ascension\Library\PackageCache\com.unity.visualscripting@1.7.8\Editor\VisualScripting.Core\Utilities\VSUsageUtility.cs:114 
  at Unity.VisualScripting.VSUsageUtility.CheckAndSetIsVisualScriptingUsed () [0x00032] in C:\Users\james\Desktop\Loz\ReligionThingy\LegendsofZanzarkReligionGame\Legends Of Zanzark Ascension\Library\PackageCache\com.unity.visualscripting@1.7.8\Editor\VisualScripting.Core\Utilities\VSUsageUtility.cs:48 
  at Unity.VisualScripting.VSUsageUtility..cctor () [0x00000] in C:\Users\james\Desktop\Loz\ReligionThingy\LegendsofZanzarkReligionGame\Legends Of Zanzark Ascension\Library\PackageCache\com.unity.visualscripting@1.7.8\Editor\VisualScripting.Core\Utilities\VSUsageUtility.cs:22 
UnityEngine.StackTraceUtility:ExtractStackTrace ()
UnityEngine.DebugLogHandler:LogFormat (UnityEngine.LogType,UnityEngine.Object,string,object[])
UnityEngine.Logger:Log (UnityEngine.LogType,object)
UnityEngine.Debug:LogError (object)
UnityEditor.EditorAssemblies:ProcessInitializeOnLoadAttributes (System.Type[])

Mono: successfully reloaded assembly
- Completed reload, in  2.770 seconds
Domain Reload Profiling:
	ReloadAssembly (2772ms)
		BeginReloadAssembly (243ms)
			ExecutionOrderSort (0ms)
			DisableScriptedObjects (13ms)
			BackupInstance (0ms)
			ReleaseScriptingObjects (0ms)
			CreateAndSetChildDomain (36ms)
		EndReloadAssembly (2306ms)
			LoadAssemblies (177ms)
			RebuildTransferFunctionScriptingTraits (0ms)
			SetupTypeCache (475ms)
			ReleaseScriptCaches (1ms)
			RebuildScriptCaches (98ms)
			SetupLoadedEditorAssemblies (1503ms)
				LogAssemblyErrors (0ms)
				InitializePlatformSupportModulesInManaged (23ms)
				SetLoadedEditorAssemblies (1ms)
				RefreshPlugins (1ms)
				BeforeProcessingInitializeOnLoad (174ms)
				ProcessInitializeOnLoadAttributes (1233ms)
				ProcessInitializeOnLoadMethodAttributes (53ms)
				AfterProcessingInitializeOnLoad (16ms)
				EditorAssembliesLoaded (0ms)
			ExecutionOrderSort2 (0ms)
			AwakeInstancesAfterBackupRestoration (11ms)
Platform modules already initialized, skipping
========================================================================
Worker process is ready to serve import requests
Launched and connected shader compiler UnityShaderCompiler.exe after 0.06 seconds
Refreshing native plugins compatible for Editor in 1.03 ms, found 3 plugins.
Preloading 0 native plugins for Editor in 0.00 ms.
Unloading 3576 Unused Serialized files (Serialized files now loaded: 0)
Unloading 31 unused Assets / (83.5 KB). Loaded Objects now: 4054.
Memory consumption went from 141.4 MB to 141.3 MB.
Total: 25.973900 ms (FindLiveObjects: 0.489300 ms CreateObjectMapping: 0.406300 ms MarkObjects: 24.864600 ms  DeleteObjects: 0.211800 ms)

AssetImportParameters requested are different than current active one (requested -> active):
  custom:video-decoder-ogg-theora: a1e56fd34408186e4bbccfd4996cb3dc -> 
  custom:container-muxer-webm: aa71ff27fc2769a1b78a27578f13a17b -> 
  custom:container-demuxer-webm: 4f35f7cbe854078d1ac9338744f61a02 -> 
  custom:video-encoder-webm-vp8: eb34c28f22e8b96e1ab97ce403110664 -> 
  custom:audio-encoder-webm-vorbis: bf7c407c2cedff20999df2af8eb42d56 -> 
  custom:framework-win-MediaFoundation: 216162199b28c13a410421893ffa2e32 -> 
  custom:container-demuxer-ogg: 62fdf1f143b41e24485cea50d1cbac27 -> 
  custom:video-decoder-webm-vp8: 9c59270c3fd7afecdb556c50c9e8de78 -> 
  custom:audio-decoder-ogg-vorbis: bf7c407c2cedff20999df2af8eb42d56 -> 
========================================================================
Received Import Request.
  Time since last request: 215713.791262 seconds.
  path: Assets/Sprites/MapStuff/MapPieces/CatsFoot Villlage.png
  artifactKey: Guid(29e24c24eec95a74082794df3c92822a) Importer(815301076,1909f56bfc062723c751e8b465ee728b)
Start importing Assets/Sprites/MapStuff/MapPieces/CatsFoot Villlage.png using Guid(29e24c24eec95a74082794df3c92822a) Importer(815301076,1909f56bfc062723c751e8b465ee728b)  -> (artifact id: '30eb456084b247531f66471efb17e2a0') in 0.286305 seconds 
========================================================================
Received Prepare
Registering precompiled user dll's ...
Registered in 0.018992 seconds.
Begin MonoManager ReloadAssembly
Symbol file LoadedFromMemory doesn't match image C:\Users\james\Desktop\Loz\ReligionThingy\LegendsofZanzarkReligionGame\Legends Of Zanzark Ascension\Library\PackageCache\com.unity.visualscripting@1.7.8\Editor\VisualScripting.Core\Dependencies\YamlDotNet\Unity.VisualScripting.YamlDotNet.dll
Symbol file LoadedFromMemory doesn't match image C:\Users\james\Desktop\Loz\ReligionThingy\LegendsofZanzarkReligionGame\Legends Of Zanzark Ascension\Library\PackageCache\com.unity.visualscripting@1.7.8\Editor\VisualScripting.Core\Dependencies\DotNetZip\Unity.VisualScripting.IonicZip.dll
Native extension for WindowsStandalone target not found
Refreshing native plugins compatible for Editor in 1.69 ms, found 3 plugins.
Preloading 0 native plugins for Editor in 0.00 ms.
System.Exception: Error! Visual Scripting: couldn't find visual scripting package
  at Unity.VisualScripting.PackageVersionUtility.get_version () [0x00043] in C:\Users\james\Desktop\Loz\ReligionThingy\LegendsofZanzarkReligionGame\Legends Of Zanzark Ascension\Library\PackageCache\com.unity.visualscripting@1.7.8\Editor\VisualScripting.Core\Utilities\PackageVersionUtility.cs:31 
  at Unity.VisualScripting.BoltCoreManifest.get_version () [0x00000] in C:\Users\james\Desktop\Loz\ReligionThingy\LegendsofZanzarkReligionGame\Legends Of Zanzark Ascension\Library\PackageCache\com.unity.visualscripting@1.7.8\Editor\VisualScripting.Core\Plugin\BoltCoreManifest.cs:11 
  at Unity.VisualScripting.PluginManifest.get_currentVersion () [0x00000] in C:\Users\james\Desktop\Loz\ReligionThingy\LegendsofZanzarkReligionGame\Legends Of Zanzark Ascension\Library\PackageCache\com.unity.visualscripting@1.7.8\Editor\VisualScripting.Core\Plugins\PluginManifest.cs:33 
  at Unity.VisualScripting.PluginManifest.get_versionMismatch () [0x00000] in C:\Users\james\Desktop\Loz\ReligionThingy\LegendsofZanzarkReligionGame\Legends Of Zanzark Ascension\Library\PackageCache\com.unity.visualscripting@1.7.8\Editor\VisualScripting.Core\Plugins\PluginManifest.cs:48 
  at Unity.VisualScripting.PluginContainer.Initialize () [0x00525] in C:\Users\james\Desktop\Loz\ReligionThingy\LegendsofZanzarkReligionGame\Legends Of Zanzark Ascension\Library\PackageCache\com.unity.visualscripting@1.7.8\Editor\VisualScripting.Core\Plugins\PluginContainer.cs:208 
  at Unity.VisualScripting.PluginContainer.InitializeOnLoad () [0x00009] in C:\Users\james\Desktop\Loz\ReligionThingy\LegendsofZanzarkReligionGame\Legends Of Zanzark Ascension\Library\PackageCache\com.unity.visualscripting@1.7.8\Editor\VisualScripting.Core\Plugins\PluginContainer.cs:32 
  at Unity.VisualScripting.VSUsageUtility.DoInitializeOnLoadCalls () [0x00034] in C:\Users\james\Desktop\Loz\ReligionThingy\LegendsofZanzarkReligionGame\Legends Of Zanzark Ascension\Library\PackageCache\com.unity.visualscripting@1.7.8\Editor\VisualScripting.Core\Utilities\VSUsageUtility.cs:76 
  at Unity.VisualScripting.VSUsageUtility.set_isVisualScriptingUsed (System.Boolean value) [0x0002c] in C:\Users\james\Desktop\Loz\ReligionThingy\LegendsofZanzarkReligionGame\Legends Of Zanzark Ascension\Library\PackageCache\com.unity.visualscripting@1.7.8\Editor\VisualScripting.Core\Utilities\VSUsageUtility.cs:114 
  at Unity.VisualScripting.VSUsageUtility.CheckAndSetIsVisualScriptingUsed () [0x0000d] in C:\Users\james\Desktop\Loz\ReligionThingy\LegendsofZanzarkReligionGame\Legends Of Zanzark Ascension\Library\PackageCache\com.unity.visualscripting@1.7.8\Editor\VisualScripting.Core\Utilities\VSUsageUtility.cs:33 
  at Unity.VisualScripting.VSUsageUtility..cctor () [0x00000] in C:\Users\james\Desktop\Loz\ReligionThingy\LegendsofZanzarkReligionGame\Legends Of Zanzark Ascension\Library\PackageCache\com.unity.visualscripting@1.7.8\Editor\VisualScripting.Core\Utilities\VSUsageUtility.cs:22 
UnityEngine.StackTraceUtility:ExtractStackTrace ()
UnityEngine.DebugLogHandler:LogFormat (UnityEngine.LogType,UnityEngine.Object,string,object[])
UnityEngine.Logger:Log (UnityEngine.LogType,object)
UnityEngine.Debug:LogError (object)
UnityEditor.EditorAssemblies:ProcessInitializeOnLoadAttributes (System.Type[])

Mono: successfully reloaded assembly
- Completed reload, in  5.097 seconds
Domain Reload Profiling:
	ReloadAssembly (5099ms)
		BeginReloadAssembly (349ms)
			ExecutionOrderSort (0ms)
			DisableScriptedObjects (12ms)
			BackupInstance (0ms)
			ReleaseScriptingObjects (0ms)
			CreateAndSetChildDomain (82ms)
		EndReloadAssembly (4501ms)
			LoadAssemblies (210ms)
			RebuildTransferFunctionScriptingTraits (0ms)
			SetupTypeCache (852ms)
			ReleaseScriptCaches (3ms)
			RebuildScriptCaches (139ms)
			SetupLoadedEditorAssemblies (2308ms)
				LogAssemblyErrors (0ms)
				InitializePlatformSupportModulesInManaged (57ms)
				SetLoadedEditorAssemblies (2ms)
				RefreshPlugins (2ms)
				BeforeProcessingInitializeOnLoad (335ms)
				ProcessInitializeOnLoadAttributes (1759ms)
				ProcessInitializeOnLoadMethodAttributes (116ms)
				AfterProcessingInitializeOnLoad (37ms)
				EditorAssembliesLoaded (1ms)
			ExecutionOrderSort2 (0ms)
			AwakeInstancesAfterBackupRestoration (24ms)
Platform modules already initialized, skipping
Refreshing native plugins compatible for Editor in 7.34 ms, found 3 plugins.
Preloading 0 native plugins for Editor in 0.00 ms.
Unloading 3554 Unused Serialized files (Serialized files now loaded: 0)
Unloading 24 unused Assets / (51.4 KB). Loaded Objects now: 4062.
Memory consumption went from 144.0 MB to 143.9 MB.
Total: 30.531700 ms (FindLiveObjects: 0.614200 ms CreateObjectMapping: 0.471400 ms MarkObjects: 29.268400 ms  DeleteObjects: 0.175300 ms)

AssetImportParameters requested are different than current active one (requested -> active):
  custom:video-decoder-ogg-theora: a1e56fd34408186e4bbccfd4996cb3dc -> 
  custom:container-muxer-webm: aa71ff27fc2769a1b78a27578f13a17b -> 
  custom:container-demuxer-webm: 4f35f7cbe854078d1ac9338744f61a02 -> 
  custom:video-encoder-webm-vp8: eb34c28f22e8b96e1ab97ce403110664 -> 
  custom:audio-encoder-webm-vorbis: bf7c407c2cedff20999df2af8eb42d56 -> 
  custom:framework-win-MediaFoundation: 216162199b28c13a410421893ffa2e32 -> 
  custom:container-demuxer-ogg: 62fdf1f143b41e24485cea50d1cbac27 -> 
  custom:video-decoder-webm-vp8: 9c59270c3fd7afecdb556c50c9e8de78 -> 
  custom:audio-decoder-ogg-vorbis: bf7c407c2cedff20999df2af8eb42d56 -> 
========================================================================
Received Prepare
Registering precompiled user dll's ...
Registered in 0.023039 seconds.
Begin MonoManager ReloadAssembly
Symbol file LoadedFromMemory doesn't match image C:\Users\james\Desktop\Loz\ReligionThingy\LegendsofZanzarkReligionGame\Legends Of Zanzark Ascension\Library\PackageCache\com.unity.visualscripting@1.7.8\Editor\VisualScripting.Core\Dependencies\YamlDotNet\Unity.VisualScripting.YamlDotNet.dll
Symbol file LoadedFromMemory doesn't match image C:\Users\james\Desktop\Loz\ReligionThingy\LegendsofZanzarkReligionGame\Legends Of Zanzark Ascension\Library\PackageCache\com.unity.visualscripting@1.7.8\Editor\VisualScripting.Core\Dependencies\DotNetZip\Unity.VisualScripting.IonicZip.dll
Native extension for WindowsStandalone target not found
Refreshing native plugins compatible for Editor in 2.00 ms, found 3 plugins.
Preloading 0 native plugins for Editor in 0.00 ms.
System.Exception: Error! Visual Scripting: couldn't find visual scripting package
  at Unity.VisualScripting.PackageVersionUtility.get_version () [0x00043] in C:\Users\james\Desktop\Loz\ReligionThingy\LegendsofZanzarkReligionGame\Legends Of Zanzark Ascension\Library\PackageCache\com.unity.visualscripting@1.7.8\Editor\VisualScripting.Core\Utilities\PackageVersionUtility.cs:31 
  at Unity.VisualScripting.BoltCoreManifest.get_version () [0x00000] in C:\Users\james\Desktop\Loz\ReligionThingy\LegendsofZanzarkReligionGame\Legends Of Zanzark Ascension\Library\PackageCache\com.unity.visualscripting@1.7.8\Editor\VisualScripting.Core\Plugin\BoltCoreManifest.cs:11 
  at Unity.VisualScripting.PluginManifest.get_currentVersion () [0x00000] in C:\Users\james\Desktop\Loz\ReligionThingy\LegendsofZanzarkReligionGame\Legends Of Zanzark Ascension\Library\PackageCache\com.unity.visualscripting@1.7.8\Editor\VisualScripting.Core\Plugins\PluginManifest.cs:33 
  at Unity.VisualScripting.PluginManifest.get_versionMismatch () [0x00000] in C:\Users\james\Desktop\Loz\ReligionThingy\LegendsofZanzarkReligionGame\Legends Of Zanzark Ascension\Library\PackageCache\com.unity.visualscripting@1.7.8\Editor\VisualScripting.Core\Plugins\PluginManifest.cs:48 
  at Unity.VisualScripting.PluginContainer.Initialize () [0x00525] in C:\Users\james\Desktop\Loz\ReligionThingy\LegendsofZanzarkReligionGame\Legends Of Zanzark Ascension\Library\PackageCache\com.unity.visualscripting@1.7.8\Editor\VisualScripting.Core\Plugins\PluginContainer.cs:208 
  at Unity.VisualScripting.PluginContainer.InitializeOnLoad () [0x00009] in C:\Users\james\Desktop\Loz\ReligionThingy\LegendsofZanzarkReligionGame\Legends Of Zanzark Ascension\Library\PackageCache\com.unity.visualscripting@1.7.8\Editor\VisualScripting.Core\Plugins\PluginContainer.cs:32 
  at Unity.VisualScripting.VSUsageUtility.DoInitializeOnLoadCalls () [0x00034] in C:\Users\james\Desktop\Loz\ReligionThingy\LegendsofZanzarkReligionGame\Legends Of Zanzark Ascension\Library\PackageCache\com.unity.visualscripting@1.7.8\Editor\VisualScripting.Core\Utilities\VSUsageUtility.cs:76 
  at Unity.VisualScripting.VSUsageUtility.set_isVisualScriptingUsed (System.Boolean value) [0x0002c] in C:\Users\james\Desktop\Loz\ReligionThingy\LegendsofZanzarkReligionGame\Legends Of Zanzark Ascension\Library\PackageCache\com.unity.visualscripting@1.7.8\Editor\VisualScripting.Core\Utilities\VSUsageUtility.cs:114 
  at Unity.VisualScripting.VSUsageUtility.CheckAndSetIsVisualScriptingUsed () [0x0000d] in C:\Users\james\Desktop\Loz\ReligionThingy\LegendsofZanzarkReligionGame\Legends Of Zanzark Ascension\Library\PackageCache\com.unity.visualscripting@1.7.8\Editor\VisualScripting.Core\Utilities\VSUsageUtility.cs:33 
  at Unity.VisualScripting.VSUsageUtility..cctor () [0x00000] in C:\Users\james\Desktop\Loz\ReligionThingy\LegendsofZanzarkReligionGame\Legends Of Zanzark Ascension\Library\PackageCache\com.unity.visualscripting@1.7.8\Editor\VisualScripting.Core\Utilities\VSUsageUtility.cs:22 
UnityEngine.StackTraceUtility:ExtractStackTrace ()
UnityEngine.DebugLogHandler:LogFormat (UnityEngine.LogType,UnityEngine.Object,string,object[])
UnityEngine.Logger:Log (UnityEngine.LogType,object)
UnityEngine.Debug:LogError (object)
UnityEditor.EditorAssemblies:ProcessInitializeOnLoadAttributes (System.Type[])

Mono: successfully reloaded assembly
- Completed reload, in  4.550 seconds
Domain Reload Profiling:
	ReloadAssembly (4552ms)
		BeginReloadAssembly (399ms)
			ExecutionOrderSort (0ms)
			DisableScriptedObjects (24ms)
			BackupInstance (0ms)
			ReleaseScriptingObjects (0ms)
			CreateAndSetChildDomain (105ms)
		EndReloadAssembly (3811ms)
			LoadAssemblies (230ms)
			RebuildTransferFunctionScriptingTraits (0ms)
			SetupTypeCache (953ms)
			ReleaseScriptCaches (3ms)
			RebuildScriptCaches (161ms)
			SetupLoadedEditorAssemblies (1666ms)
				LogAssemblyErrors (0ms)
				InitializePlatformSupportModulesInManaged (37ms)
				SetLoadedEditorAssemblies (2ms)
				RefreshPlugins (2ms)
				BeforeProcessingInitializeOnLoad (228ms)
				ProcessInitializeOnLoadAttributes (1275ms)
				ProcessInitializeOnLoadMethodAttributes (78ms)
				AfterProcessingInitializeOnLoad (43ms)
				EditorAssembliesLoaded (1ms)
			ExecutionOrderSort2 (0ms)
			AwakeInstancesAfterBackupRestoration (26ms)
Platform modules already initialized, skipping
Refreshing native plugins compatible for Editor in 7.26 ms, found 3 plugins.
Preloading 0 native plugins for Editor in 0.00 ms.
Unloading 3554 Unused Serialized files (Serialized files now loaded: 0)
Unloading 24 unused Assets / (51.5 KB). Loaded Objects now: 4066.
Memory consumption went from 144.0 MB to 144.0 MB.
Total: 36.395200 ms (FindLiveObjects: 0.725300 ms CreateObjectMapping: 0.907900 ms MarkObjects: 34.566500 ms  DeleteObjects: 0.193400 ms)

AssetImportParameters requested are different than current active one (requested -> active):
  custom:video-decoder-ogg-theora: a1e56fd34408186e4bbccfd4996cb3dc -> 
  custom:container-muxer-webm: aa71ff27fc2769a1b78a27578f13a17b -> 
  custom:container-demuxer-webm: 4f35f7cbe854078d1ac9338744f61a02 -> 
  custom:video-encoder-webm-vp8: eb34c28f22e8b96e1ab97ce403110664 -> 
  custom:audio-encoder-webm-vorbis: bf7c407c2cedff20999df2af8eb42d56 -> 
  custom:framework-win-MediaFoundation: 216162199b28c13a410421893ffa2e32 -> 
  custom:container-demuxer-ogg: 62fdf1f143b41e24485cea50d1cbac27 -> 
  custom:video-decoder-webm-vp8: 9c59270c3fd7afecdb556c50c9e8de78 -> 
  custom:audio-decoder-ogg-vorbis: bf7c407c2cedff20999df2af8eb42d56 -> 
========================================================================
Received Prepare
Registering precompiled user dll's ...
Registered in 0.020981 seconds.
Begin MonoManager ReloadAssembly
Symbol file LoadedFromMemory doesn't match image C:\Users\james\Desktop\Loz\ReligionThingy\LegendsofZanzarkReligionGame\Legends Of Zanzark Ascension\Library\PackageCache\com.unity.visualscripting@1.7.8\Editor\VisualScripting.Core\Dependencies\YamlDotNet\Unity.VisualScripting.YamlDotNet.dll
Symbol file LoadedFromMemory doesn't match image C:\Users\james\Desktop\Loz\ReligionThingy\LegendsofZanzarkReligionGame\Legends Of Zanzark Ascension\Library\PackageCache\com.unity.visualscripting@1.7.8\Editor\VisualScripting.Core\Dependencies\DotNetZip\Unity.VisualScripting.IonicZip.dll
Native extension for WindowsStandalone target not found
Refreshing native plugins compatible for Editor in 1.39 ms, found 3 plugins.
Preloading 0 native plugins for Editor in 0.00 ms.
System.Exception: Error! Visual Scripting: couldn't find visual scripting package
  at Unity.VisualScripting.PackageVersionUtility.get_version () [0x00043] in C:\Users\james\Desktop\Loz\ReligionThingy\LegendsofZanzarkReligionGame\Legends Of Zanzark Ascension\Library\PackageCache\com.unity.visualscripting@1.7.8\Editor\VisualScripting.Core\Utilities\PackageVersionUtility.cs:31 
  at Unity.VisualScripting.BoltCoreManifest.get_version () [0x00000] in C:\Users\james\Desktop\Loz\ReligionThingy\LegendsofZanzarkReligionGame\Legends Of Zanzark Ascension\Library\PackageCache\com.unity.visualscripting@1.7.8\Editor\VisualScripting.Core\Plugin\BoltCoreManifest.cs:11 
  at Unity.VisualScripting.PluginManifest.get_currentVersion () [0x00000] in C:\Users\james\Desktop\Loz\ReligionThingy\LegendsofZanzarkReligionGame\Legends Of Zanzark Ascension\Library\PackageCache\com.unity.visualscripting@1.7.8\Editor\VisualScripting.Core\Plugins\PluginManifest.cs:33 
  at Unity.VisualScripting.PluginManifest.get_versionMismatch () [0x00000] in C:\Users\james\Desktop\Loz\ReligionThingy\LegendsofZanzarkReligionGame\Legends Of Zanzark Ascension\Library\PackageCache\com.unity.visualscripting@1.7.8\Editor\VisualScripting.Core\Plugins\PluginManifest.cs:48 
  at Unity.VisualScripting.PluginContainer.Initialize () [0x00525] in C:\Users\james\Desktop\Loz\ReligionThingy\LegendsofZanzarkReligionGame\Legends Of Zanzark Ascension\Library\PackageCache\com.unity.visualscripting@1.7.8\Editor\VisualScripting.Core\Plugins\PluginContainer.cs:208 
  at Unity.VisualScripting.PluginContainer.InitializeOnLoad () [0x00009] in C:\Users\james\Desktop\Loz\ReligionThingy\LegendsofZanzarkReligionGame\Legends Of Zanzark Ascension\Library\PackageCache\com.unity.visualscripting@1.7.8\Editor\VisualScripting.Core\Plugins\PluginContainer.cs:32 
  at Unity.VisualScripting.VSUsageUtility.DoInitializeOnLoadCalls () [0x00034] in C:\Users\james\Desktop\Loz\ReligionThingy\LegendsofZanzarkReligionGame\Legends Of Zanzark Ascension\Library\PackageCache\com.unity.visualscripting@1.7.8\Editor\VisualScripting.Core\Utilities\VSUsageUtility.cs:76 
  at Unity.VisualScripting.VSUsageUtility.set_isVisualScriptingUsed (System.Boolean value) [0x0002c] in C:\Users\james\Desktop\Loz\ReligionThingy\LegendsofZanzarkReligionGame\Legends Of Zanzark Ascension\Library\PackageCache\com.unity.visualscripting@1.7.8\Editor\VisualScripting.Core\Utilities\VSUsageUtility.cs:114 
  at Unity.VisualScripting.VSUsageUtility.CheckAndSetIsVisualScriptingUsed () [0x0000d] in C:\Users\james\Desktop\Loz\ReligionThingy\LegendsofZanzarkReligionGame\Legends Of Zanzark Ascension\Library\PackageCache\com.unity.visualscripting@1.7.8\Editor\VisualScripting.Core\Utilities\VSUsageUtility.cs:33 
  at Unity.VisualScripting.VSUsageUtility..cctor () [0x00000] in C:\Users\james\Desktop\Loz\ReligionThingy\LegendsofZanzarkReligionGame\Legends Of Zanzark Ascension\Library\PackageCache\com.unity.visualscripting@1.7.8\Editor\VisualScripting.Core\Utilities\VSUsageUtility.cs:22 
UnityEngine.StackTraceUtility:ExtractStackTrace ()
UnityEngine.DebugLogHandler:LogFormat (UnityEngine.LogType,UnityEngine.Object,string,object[])
UnityEngine.Logger:Log (UnityEngine.LogType,object)
UnityEngine.Debug:LogError (object)
UnityEditor.EditorAssemblies:ProcessInitializeOnLoadAttributes (System.Type[])

Mono: successfully reloaded assembly
- Completed reload, in  4.781 seconds
Domain Reload Profiling:
	ReloadAssembly (4783ms)
		BeginReloadAssembly (367ms)
			ExecutionOrderSort (0ms)
			DisableScriptedObjects (14ms)
			BackupInstance (0ms)
			ReleaseScriptingObjects (0ms)
			CreateAndSetChildDomain (90ms)
		EndReloadAssembly (4113ms)
			LoadAssemblies (240ms)
			RebuildTransferFunctionScriptingTraits (0ms)
			SetupTypeCache (880ms)
			ReleaseScriptCaches (3ms)
			RebuildScriptCaches (165ms)
			SetupLoadedEditorAssemblies (1988ms)
				LogAssemblyErrors (0ms)
				InitializePlatformSupportModulesInManaged (49ms)
				SetLoadedEditorAssemblies (2ms)
				RefreshPlugins (2ms)
				BeforeProcessingInitializeOnLoad (268ms)
				ProcessInitializeOnLoadAttributes (1523ms)
				ProcessInitializeOnLoadMethodAttributes (107ms)
				AfterProcessingInitializeOnLoad (38ms)
				EditorAssembliesLoaded (1ms)
			ExecutionOrderSort2 (0ms)
			AwakeInstancesAfterBackupRestoration (21ms)
Platform modules already initialized, skipping
Refreshing native plugins compatible for Editor in 7.69 ms, found 3 plugins.
Preloading 0 native plugins for Editor in 0.00 ms.
Unloading 3554 Unused Serialized files (Serialized files now loaded: 0)
Unloading 24 unused Assets / (51.5 KB). Loaded Objects now: 4070.
Memory consumption went from 144.0 MB to 144.0 MB.
Total: 38.221400 ms (FindLiveObjects: 0.761900 ms CreateObjectMapping: 0.839400 ms MarkObjects: 36.390100 ms  DeleteObjects: 0.226700 ms)

AssetImportParameters requested are different than current active one (requested -> active):
  custom:video-decoder-ogg-theora: a1e56fd34408186e4bbccfd4996cb3dc -> 
  custom:container-muxer-webm: aa71ff27fc2769a1b78a27578f13a17b -> 
  custom:container-demuxer-webm: 4f35f7cbe854078d1ac9338744f61a02 -> 
  custom:video-encoder-webm-vp8: eb34c28f22e8b96e1ab97ce403110664 -> 
  custom:audio-encoder-webm-vorbis: bf7c407c2cedff20999df2af8eb42d56 -> 
  custom:framework-win-MediaFoundation: 216162199b28c13a410421893ffa2e32 -> 
  custom:container-demuxer-ogg: 62fdf1f143b41e24485cea50d1cbac27 -> 
  custom:video-decoder-webm-vp8: 9c59270c3fd7afecdb556c50c9e8de78 -> 
  custom:audio-decoder-ogg-vorbis: bf7c407c2cedff20999df2af8eb42d56 -> 
========================================================================
Received Prepare
Registering precompiled user dll's ...
Registered in 0.017868 seconds.
Begin MonoManager ReloadAssembly
Symbol file LoadedFromMemory doesn't match image C:\Users\james\Desktop\Loz\ReligionThingy\LegendsofZanzarkReligionGame\Legends Of Zanzark Ascension\Library\PackageCache\com.unity.visualscripting@1.7.8\Editor\VisualScripting.Core\Dependencies\YamlDotNet\Unity.VisualScripting.YamlDotNet.dll
Symbol file LoadedFromMemory doesn't match image C:\Users\james\Desktop\Loz\ReligionThingy\LegendsofZanzarkReligionGame\Legends Of Zanzark Ascension\Library\PackageCache\com.unity.visualscripting@1.7.8\Editor\VisualScripting.Core\Dependencies\DotNetZip\Unity.VisualScripting.IonicZip.dll
Native extension for WindowsStandalone target not found
Refreshing native plugins compatible for Editor in 1.24 ms, found 3 plugins.
Preloading 0 native plugins for Editor in 0.00 ms.
System.Exception: Error! Visual Scripting: couldn't find visual scripting package
  at Unity.VisualScripting.PackageVersionUtility.get_version () [0x00043] in C:\Users\james\Desktop\Loz\ReligionThingy\LegendsofZanzarkReligionGame\Legends Of Zanzark Ascension\Library\PackageCache\com.unity.visualscripting@1.7.8\Editor\VisualScripting.Core\Utilities\PackageVersionUtility.cs:31 
  at Unity.VisualScripting.BoltCoreManifest.get_version () [0x00000] in C:\Users\james\Desktop\Loz\ReligionThingy\LegendsofZanzarkReligionGame\Legends Of Zanzark Ascension\Library\PackageCache\com.unity.visualscripting@1.7.8\Editor\VisualScripting.Core\Plugin\BoltCoreManifest.cs:11 
  at Unity.VisualScripting.PluginManifest.get_currentVersion () [0x00000] in C:\Users\james\Desktop\Loz\ReligionThingy\LegendsofZanzarkReligionGame\Legends Of Zanzark Ascension\Library\PackageCache\com.unity.visualscripting@1.7.8\Editor\VisualScripting.Core\Plugins\PluginManifest.cs:33 
  at Unity.VisualScripting.PluginManifest.get_versionMismatch () [0x00000] in C:\Users\james\Desktop\Loz\ReligionThingy\LegendsofZanzarkReligionGame\Legends Of Zanzark Ascension\Library\PackageCache\com.unity.visualscripting@1.7.8\Editor\VisualScripting.Core\Plugins\PluginManifest.cs:48 
  at Unity.VisualScripting.PluginContainer.Initialize () [0x00525] in C:\Users\james\Desktop\Loz\ReligionThingy\LegendsofZanzarkReligionGame\Legends Of Zanzark Ascension\Library\PackageCache\com.unity.visualscripting@1.7.8\Editor\VisualScripting.Core\Plugins\PluginContainer.cs:208 
  at Unity.VisualScripting.PluginContainer.InitializeOnLoad () [0x00009] in C:\Users\james\Desktop\Loz\ReligionThingy\LegendsofZanzarkReligionGame\Legends Of Zanzark Ascension\Library\PackageCache\com.unity.visualscripting@1.7.8\Editor\VisualScripting.Core\Plugins\PluginContainer.cs:32 
  at Unity.VisualScripting.VSUsageUtility.DoInitializeOnLoadCalls () [0x00034] in C:\Users\james\Desktop\Loz\ReligionThingy\LegendsofZanzarkReligionGame\Legends Of Zanzark Ascension\Library\PackageCache\com.unity.visualscripting@1.7.8\Editor\VisualScripting.Core\Utilities\VSUsageUtility.cs:76 
  at Unity.VisualScripting.VSUsageUtility.set_isVisualScriptingUsed (System.Boolean value) [0x0002c] in C:\Users\james\Desktop\Loz\ReligionThingy\LegendsofZanzarkReligionGame\Legends Of Zanzark Ascension\Library\PackageCache\com.unity.visualscripting@1.7.8\Editor\VisualScripting.Core\Utilities\VSUsageUtility.cs:114 
  at Unity.VisualScripting.VSUsageUtility.CheckAndSetIsVisualScriptingUsed () [0x0000d] in C:\Users\james\Desktop\Loz\ReligionThingy\LegendsofZanzarkReligionGame\Legends Of Zanzark Ascension\Library\PackageCache\com.unity.visualscripting@1.7.8\Editor\VisualScripting.Core\Utilities\VSUsageUtility.cs:33 
  at Unity.VisualScripting.VSUsageUtility..cctor () [0x00000] in C:\Users\james\Desktop\Loz\ReligionThingy\LegendsofZanzarkReligionGame\Legends Of Zanzark Ascension\Library\PackageCache\com.unity.visualscripting@1.7.8\Editor\VisualScripting.Core\Utilities\VSUsageUtility.cs:22 
UnityEngine.StackTraceUtility:ExtractStackTrace ()
UnityEngine.DebugLogHandler:LogFormat (UnityEngine.LogType,UnityEngine.Object,string,object[])
UnityEngine.Logger:Log (UnityEngine.LogType,object)
UnityEngine.Debug:LogError (object)
UnityEditor.EditorAssemblies:ProcessInitializeOnLoadAttributes (System.Type[])

Mono: successfully reloaded assembly
- Completed reload, in  3.328 seconds
Domain Reload Profiling:
	ReloadAssembly (3330ms)
		BeginReloadAssembly (293ms)
			ExecutionOrderSort (0ms)
			DisableScriptedObjects (11ms)
			BackupInstance (0ms)
			ReleaseScriptingObjects (0ms)
			CreateAndSetChildDomain (75ms)
		EndReloadAssembly (2822ms)
			LoadAssemblies (167ms)
			RebuildTransferFunctionScriptingTraits (0ms)
			SetupTypeCache (571ms)
			ReleaseScriptCaches (2ms)
			RebuildScriptCaches (112ms)
			SetupLoadedEditorAssemblies (1400ms)
				LogAssemblyErrors (0ms)
				InitializePlatformSupportModulesInManaged (30ms)
				SetLoadedEditorAssemblies (1ms)
				RefreshPlugins (1ms)
				BeforeProcessingInitializeOnLoad (175ms)
				ProcessInitializeOnLoadAttributes (1097ms)
				ProcessInitializeOnLoadMethodAttributes (73ms)
				AfterProcessingInitializeOnLoad (22ms)
				EditorAssembliesLoaded (0ms)
			ExecutionOrderSort2 (0ms)
			AwakeInstancesAfterBackupRestoration (14ms)
Platform modules already initialized, skipping
Refreshing native plugins compatible for Editor in 8.10 ms, found 3 plugins.
Preloading 0 native plugins for Editor in 0.00 ms.
Unloading 3554 Unused Serialized files (Serialized files now loaded: 0)
Unloading 24 unused Assets / (51.6 KB). Loaded Objects now: 4074.
Memory consumption went from 144.0 MB to 144.0 MB.
Total: 41.665000 ms (FindLiveObjects: 0.714700 ms CreateObjectMapping: 0.587400 ms MarkObjects: 40.143100 ms  DeleteObjects: 0.217000 ms)

AssetImportParameters requested are different than current active one (requested -> active):
  custom:video-decoder-ogg-theora: a1e56fd34408186e4bbccfd4996cb3dc -> 
  custom:container-muxer-webm: aa71ff27fc2769a1b78a27578f13a17b -> 
  custom:container-demuxer-webm: 4f35f7cbe854078d1ac9338744f61a02 -> 
  custom:video-encoder-webm-vp8: eb34c28f22e8b96e1ab97ce403110664 -> 
  custom:audio-encoder-webm-vorbis: bf7c407c2cedff20999df2af8eb42d56 -> 
  custom:framework-win-MediaFoundation: 216162199b28c13a410421893ffa2e32 -> 
  custom:container-demuxer-ogg: 62fdf1f143b41e24485cea50d1cbac27 -> 
  custom:video-decoder-webm-vp8: 9c59270c3fd7afecdb556c50c9e8de78 -> 
  custom:audio-decoder-ogg-vorbis: bf7c407c2cedff20999df2af8eb42d56 -> 
========================================================================
Received Import Request.
  Time since last request: 482.641041 seconds.
  path: Assets/Sprites/MapStuff/MapPieces/NontorHiem.png
  artifactKey: Guid(3abb419c1213cf54090a5b99dfb56b95) Importer(815301076,1909f56bfc062723c751e8b465ee728b)
Start importing Assets/Sprites/MapStuff/MapPieces/NontorHiem.png using Guid(3abb419c1213cf54090a5b99dfb56b95) Importer(815301076,1909f56bfc062723c751e8b465ee728b)  -> (artifact id: 'bf2590f53988f43611e2455962e7209f') in 0.270293 seconds 
========================================================================
Received Import Request.
  Time since last request: 0.000080 seconds.
  path: Assets/Sprites/MapStuff/MapPieces/Bastion Virgil.png
  artifactKey: Guid(0e4edaa048881934c869fe87d35a2c74) Importer(815301076,1909f56bfc062723c751e8b465ee728b)
Start importing Assets/Sprites/MapStuff/MapPieces/Bastion Virgil.png using Guid(0e4edaa048881934c869fe87d35a2c74) Importer(815301076,1909f56bfc062723c751e8b465ee728b)  -> (artifact id: '1557b7219c8946537dfe132e717e9670') in 0.051711 seconds 
========================================================================
Received Import Request.
  Time since last request: 0.000071 seconds.
  path: Assets/Sprites/MapStuff/MapPieces/Perigrim.png
  artifactKey: Guid(76b63adfd61c29644a40cdebd64121e6) Importer(815301076,1909f56bfc062723c751e8b465ee728b)
Start importing Assets/Sprites/MapStuff/MapPieces/Perigrim.png using Guid(76b63adfd61c29644a40cdebd64121e6) Importer(815301076,1909f56bfc062723c751e8b465ee728b)  -> (artifact id: '585609c7af33e2f9a693a4a640f9b127') in 0.058694 seconds 
========================================================================
Received Import Request.
  Time since last request: 0.000063 seconds.
  path: Assets/Sprites/MapStuff/MapPieces/Fort Calia.png
  artifactKey: Guid(fae7f8ecede63f245aadfb75ee0312dc) Importer(815301076,1909f56bfc062723c751e8b465ee728b)
Start importing Assets/Sprites/MapStuff/MapPieces/Fort Calia.png using Guid(fae7f8ecede63f245aadfb75ee0312dc) Importer(815301076,1909f56bfc062723c751e8b465ee728b)  -> (artifact id: 'a3cd3fd579e77659bab49a945a12ee9e') in 0.051974 seconds 
========================================================================
Received Import Request.
  Time since last request: 0.000078 seconds.
  path: Assets/Sprites/MapStuff/MapPieces/South Wind Pass.png
  artifactKey: Guid(f8399df83f90d5a4d90fc15c0ad6157d) Importer(815301076,1909f56bfc062723c751e8b465ee728b)
Start importing Assets/Sprites/MapStuff/MapPieces/South Wind Pass.png using Guid(f8399df83f90d5a4d90fc15c0ad6157d) Importer(815301076,1909f56bfc062723c751e8b465ee728b)  -> (artifact id: '08484bb802ab8698b586fcd36230db97') in 0.055180 seconds 
========================================================================
Received Import Request.
  Time since last request: 0.000078 seconds.
  path: Assets/Sprites/MapStuff/MapPieces/CatsFoot Villlage.png
  artifactKey: Guid(29e24c24eec95a74082794df3c92822a) Importer(815301076,1909f56bfc062723c751e8b465ee728b)
Start importing Assets/Sprites/MapStuff/MapPieces/CatsFoot Villlage.png using Guid(29e24c24eec95a74082794df3c92822a) Importer(815301076,1909f56bfc062723c751e8b465ee728b)  -> (artifact id: '316e1af235826b24b9f3bc77282228a8') in 0.052624 seconds 
========================================================================
Received Import Request.
  Time since last request: 0.000087 seconds.
  path: Assets/Sprites/MapStuff/MapPieces/Teroks Landing.png
  artifactKey: Guid(32ff463994b3fda43a49fe7920d245b5) Importer(815301076,1909f56bfc062723c751e8b465ee728b)
Start importing Assets/Sprites/MapStuff/MapPieces/Teroks Landing.png using Guid(32ff463994b3fda43a49fe7920d245b5) Importer(815301076,1909f56bfc062723c751e8b465ee728b)  -> (artifact id: '0e0634e2772c49294c27c662c10511a7') in 0.055429 seconds 
========================================================================
Received Import Request.
  Time since last request: 699.877453 seconds.
  path: Assets/Sprites/MapStuff/MapPieces/CragRiverFortress.psd
  artifactKey: Guid(1098781a0f86a6745a53e9d6f46f9a6a) Importer(815301076,1909f56bfc062723c751e8b465ee728b)
Start importing Assets/Sprites/MapStuff/MapPieces/CragRiverFortress.psd using Guid(1098781a0f86a6745a53e9d6f46f9a6a) Importer(815301076,1909f56bfc062723c751e8b465ee728b)  -> (artifact id: 'c839cc3af1083810129433fdb31da023') in 0.053373 seconds 
========================================================================
Received Import Request.
  Time since last request: 0.000038 seconds.
  path: Assets/Sprites/MapStuff/MapPieces/Murridans Pass.png
  artifactKey: Guid(21c1cb78cadbb0c4c99dd72ba17f08b6) Importer(815301076,1909f56bfc062723c751e8b465ee728b)
Start importing Assets/Sprites/MapStuff/MapPieces/Murridans Pass.png using Guid(21c1cb78cadbb0c4c99dd72ba17f08b6) Importer(815301076,1909f56bfc062723c751e8b465ee728b)  -> (artifact id: 'd4d82cb9aa58d4c71cec96163e0037a3') in 0.036470 seconds 
========================================================================
Received Import Request.
  Time since last request: 0.000082 seconds.
  path: Assets/Sprites/MapStuff/MapPieces/ThaurassiansTomb.png
  artifactKey: Guid(cd59a17c1cedfae4b8d7d73488770868) Importer(815301076,1909f56bfc062723c751e8b465ee728b)
Start importing Assets/Sprites/MapStuff/MapPieces/ThaurassiansTomb.png using Guid(cd59a17c1cedfae4b8d7d73488770868) Importer(815301076,1909f56bfc062723c751e8b465ee728b)  -> (artifact id: '7b9a5abaa4316f4114dc69ed58541bee') in 0.029474 seconds 
========================================================================
Received Import Request.
  Time since last request: 81.711895 seconds.
  path: Assets/Sprites/MapStuff/MapPieces/Merchants Road North.png
  artifactKey: Guid(2695e7e18d64e8b45be98813d9b1f1f6) Importer(815301076,1909f56bfc062723c751e8b465ee728b)
Start importing Assets/Sprites/MapStuff/MapPieces/Merchants Road North.png using Guid(2695e7e18d64e8b45be98813d9b1f1f6) Importer(815301076,1909f56bfc062723c751e8b465ee728b)  -> (artifact id: '7708461367a57e444c37d1d5fa9ba738') in 0.022034 seconds 
========================================================================
Received Import Request.
  Time since last request: 0.000042 seconds.
  path: Assets/Sprites/MapStuff/MapPieces/TeroksPeak.png
  artifactKey: Guid(0d0d608c35dbaa740b47e45374d77748) Importer(815301076,1909f56bfc062723c751e8b465ee728b)
Start importing Assets/Sprites/MapStuff/MapPieces/TeroksPeak.png using Guid(0d0d608c35dbaa740b47e45374d77748) Importer(815301076,1909f56bfc062723c751e8b465ee728b)  -> (artifact id: '93e2d0e5831be47c9444846ea31ddad0') in 0.021629 seconds 
========================================================================
Received Import Request.
  Time since last request: 62.132028 seconds.
  path: Assets/Sprites/MapStuff/MapPieces/CragRiverFortress.png
  artifactKey: Guid(252f078a3f028a745a62b14d50e10880) Importer(815301076,1909f56bfc062723c751e8b465ee728b)
Start importing Assets/Sprites/MapStuff/MapPieces/CragRiverFortress.png using Guid(252f078a3f028a745a62b14d50e10880) Importer(815301076,1909f56bfc062723c751e8b465ee728b)  -> (artifact id: 'ad307ffb18c95af08aca7927c12aa9d4') in 0.048009 seconds 
========================================================================
Received Import Request.
  Time since last request: 0.000042 seconds.
  path: Assets/Sprites/MapStuff/MapPieces/TeroksPeak.png
  artifactKey: Guid(0d0d608c35dbaa740b47e45374d77748) Importer(815301076,1909f56bfc062723c751e8b465ee728b)
Start importing Assets/Sprites/MapStuff/MapPieces/TeroksPeak.png using Guid(0d0d608c35dbaa740b47e45374d77748) Importer(815301076,1909f56bfc062723c751e8b465ee728b)  -> (artifact id: 'fc3ed335c4b273fcb49dbd2f7f17b89a') in 0.033586 seconds 
========================================================================
Received Import Request.
  Time since last request: 0.000034 seconds.
  path: Assets/Sprites/MapStuff/MapPieces/Murridans Pass.png
  artifactKey: Guid(21c1cb78cadbb0c4c99dd72ba17f08b6) Importer(815301076,1909f56bfc062723c751e8b465ee728b)
Start importing Assets/Sprites/MapStuff/MapPieces/Murridans Pass.png using Guid(21c1cb78cadbb0c4c99dd72ba17f08b6) Importer(815301076,1909f56bfc062723c751e8b465ee728b)  -> (artifact id: '01b698e04cf441088ed46671634d3983') in 0.048504 seconds 
========================================================================
Received Import Request.
  Time since last request: 0.000060 seconds.
  path: Assets/Sprites/MapStuff/MapPieces/Vilveck Hold.png
  artifactKey: Guid(e487883564e3c534e855ec6cc166d968) Importer(815301076,1909f56bfc062723c751e8b465ee728b)
Start importing Assets/Sprites/MapStuff/MapPieces/Vilveck Hold.png using Guid(e487883564e3c534e855ec6cc166d968) Importer(815301076,1909f56bfc062723c751e8b465ee728b)  -> (artifact id: '9102f64ac6594dbdd10b53d22f7f33c7') in 0.034910 seconds 
Editor requested this worker to shutdown with reason: Scaling down because of idle timeout
AssetImportWorker is now disconnected from the server
Process exiting
Exiting without the bug reporter. Application will terminate with return code 0